Log file open, 06/01/20 21:18:06
LogWindows: Failed to load 'aqProf.dll' (GetLastError=126)
LogWindows: File 'aqProf.dll' does not exist
LogWindows: Failed to load 'VtuneApi.dll' (GetLastError=126)
LogWindows: File 'VtuneApi.dll' does not exist
LogWindows: Failed to load 'VtuneApi32e.dll' (GetLastError=126)
LogWindows: File 'VtuneApi32e.dll' does not exist
LogConsoleResponse: Display: Failed to find resolution value strings in scalability ini. Falling back to default.
LogInit: Display: Running engine for game: MegaClone2
LogPlatformFile: Not using cached read wrapper
LogTaskGraph: Started task graph with 5 named threads and 35 total threads with 3 sets of task threads.
LogStats: Stats thread started at 0.069837
LogD3D11RHI: Loaded GFSDK_Aftermath_Lib.x64.dll
LogICUInternationalization: ICU TimeZone Detection - Raw Offset: -8:00, Platform Override: ''
LogPluginManager: Mounting plugin Paper2D
LogPluginManager: Mounting plugin AISupport
LogPluginManager: Mounting plugin LightPropagationVolume
LogPluginManager: Mounting plugin ActorLayerUtilities
LogPluginManager: Mounting plugin AnimationSharing
LogPluginManager: Mounting plugin CLionSourceCodeAccess
LogPluginManager: Mounting plugin CodeLiteSourceCodeAccess
LogPluginManager: Mounting plugin GitSourceControl
LogPluginManager: Mounting plugin KDevelopSourceCodeAccess
LogPluginManager: Mounting plugin NullSourceCodeAccess
LogPluginManager: Mounting plugin PerforceSourceControl
LogPluginManager: Mounting plugin PlasticSourceControl
LogPluginManager: Mounting plugin SubversionSourceControl
LogPluginManager: Mounting plugin UObjectPlugin
LogPluginManager: Mounting plugin VisualStudioCodeSourceCodeAccess
LogPluginManager: Mounting plugin VisualStudioSourceCodeAccess
LogPluginManager: Mounting plugin XCodeSourceCodeAccess
LogPluginManager: Mounting plugin AssetManagerEditor
LogPluginManager: Mounting plugin CryptoKeys
LogPluginManager: Mounting plugin CurveEditorTools
LogPluginManager: Mounting plugin DataValidation
LogPluginManager: Mounting plugin FacialAnimation
LogPluginManager: Mounting plugin GameplayTagsEditor
LogPluginManager: Mounting plugin MacGraphicsSwitching
LogPluginManager: Mounting plugin MaterialAnalyzer
LogPluginManager: Mounting plugin MobileLauncherProfileWizard
LogPluginManager: Mounting plugin PluginBrowser
LogPluginManager: Mounting plugin SpeedTreeImporter
LogPluginManager: Mounting plugin DatasmithContent
LogPluginManager: Mounting plugin VariantManagerContent
LogPluginManager: Mounting plugin AlembicImporter
LogPluginManager: Mounting plugin AutomationUtils
LogPluginManager: Mounting plugin BackChannel
LogPluginManager: Mounting plugin CharacterAI
LogPluginManager: Mounting plugin GeometryCache
LogPluginManager: Mounting plugin PlatformCrypto
LogPluginManager: Mounting plugin ProxyLODPlugin
LogPluginManager: Mounting plugin SkeletalReduction
LogPluginManager: Mounting plugin MagicLeap
LogPluginManager: Mounting plugin MagicLeapMedia
LogPluginManager: Mounting plugin MLSDK
LogPluginManager: Mounting plugin AndroidMedia
LogPluginManager: Mounting plugin AvfMedia
LogPluginManager: Mounting plugin ImgMedia
LogPluginManager: Mounting plugin MediaCompositing
LogPluginManager: Mounting plugin MediaPlayerEditor
LogPluginManager: Mounting plugin WebMMedia
LogPluginManager: Mounting plugin WmfMedia
LogPluginManager: Mounting plugin TcpMessaging
LogPluginManager: Mounting plugin UdpMessaging
LogPluginManager: Mounting plugin ActorSequence
LogPluginManager: Mounting plugin LevelSequenceEditor
LogPluginManager: Mounting plugin MatineeToLevelSequence
LogPluginManager: Mounting plugin NetcodeUnitTest
LogPluginManager: Mounting plugin NUTUnrealEngine4
LogPluginManager: Mounting plugin OnlineSubsystemGooglePlay
LogPluginManager: Mounting plugin OnlineSubsystemIOS
LogPluginManager: Mounting plugin OnlineSubsystem
LogPluginManager: Mounting plugin OnlineSubsystemNull
LogPluginManager: Mounting plugin OnlineSubsystemUtils
LogPluginManager: Mounting plugin LauncherChunkInstaller
LogPluginManager: Mounting plugin AndroidDeviceProfileSelector
LogPluginManager: Mounting plugin AndroidMoviePlayer
LogPluginManager: Mounting plugin AndroidPermission
LogPluginManager: Mounting plugin AppleImageUtils
LogPluginManager: Mounting plugin AppleMoviePlayer
LogPluginManager: Mounting plugin ArchVisCharacter
LogPluginManager: Mounting plugin AssetTags
LogPluginManager: Mounting plugin AudioCapture
LogPluginManager: Mounting plugin CableComponent
LogPluginManager: Mounting plugin CustomMeshComponent
LogPluginManager: Mounting plugin EditableMesh
LogPluginManager: Mounting plugin ExampleDeviceProfileSelector
LogPluginManager: Mounting plugin GoogleCloudMessaging
LogPluginManager: Mounting plugin IOSDeviceProfileSelector
LogPluginManager: Mounting plugin LinuxDeviceProfileSelector
LogPluginManager: Mounting plugin LocationServicesBPLibrary
LogPluginManager: Mounting plugin MobilePatchingUtils
LogPluginManager: Mounting plugin PhysXVehicles
LogPluginManager: Mounting plugin PostSplashScreen
LogPluginManager: Mounting plugin ProceduralMeshComponent
LogPluginManager: Mounting plugin RuntimePhysXCooking
LogPluginManager: Mounting plugin SignificanceManager
LogPluginManager: Mounting plugin WebMMoviePlayer
LogPluginManager: Mounting plugin WindowsMoviePlayer
LogPluginManager: Mounting plugin ScreenshotTools
LogInit: Using libcurl 7.55.1-DEV
LogInit:  - built for x86_64-pc-win32
LogInit:  - supports SSL with OpenSSL/1.1.1
LogInit:  - supports HTTP deflate (compression) using libz 1.2.8
LogInit:  - other features:
LogInit:      CURL_VERSION_SSL
LogInit:      CURL_VERSION_LIBZ
LogInit:      CURL_VERSION_IPV6
LogInit:      CURL_VERSION_ASYNCHDNS
LogInit:      CURL_VERSION_LARGEFILE
LogInit:      CURL_VERSION_IDN
LogInit:  CurlRequestOptions (configurable via config and command line):
LogInit:  - bVerifyPeer = true  - Libcurl will verify peer certificate
LogInit:  - bUseHttpProxy = false  - Libcurl will NOT use HTTP proxy
LogInit:  - bDontReuseConnections = false  - Libcurl will reuse connections
LogInit:  - MaxHostConnections = 16  - Libcurl will limit the number of connections to a host
LogInit:  - LocalHostAddr = Default
LogInit:  - BufferSize = 65536
LogOnline: OSS: Creating online subsystem instance for: NULL
LogInit: WinSock: version 1.1 (2.2), MaxSocks=32767, MaxUdp=65467
LogOnline: OSS: TryLoadSubsystemAndSetDefault: Loaded subsystem for module [NULL]
LogInit: Build: ++UE4+Release-4.24-CL-11590370
LogInit: Engine Version: 4.24.3-11590370+++UE4+Release-4.24
LogInit: Compatible Engine Version: 4.24.0-10570792+++UE4+Release-4.24
LogInit: Net CL: 10570792
LogInit: OS: Windows 10 (Release 1903) (), CPU: Intel(R) Core(TM) i7-8700K CPU @ 3.70GHz, GPU: NVIDIA GeForce GTX 1080 Ti
LogInit: Compiled (64-bit): Feb 24 2020 15:39:18
LogInit: Compiled with Visual C++: 19.16.27032.01
LogInit: Build Configuration: Development
LogInit: Branch Name: ++UE4+Release-4.24
LogInit: Command Line: 
LogInit: Base Directory: D:/APPS/UE_4.24/Engine/Binaries/Win64/
LogInit: Installed Engine Build: 1
LogDevObjectVersion: Number of dev versions registered: 25
LogDevObjectVersion:   Dev-Blueprints (B0D832E4-1F89-4F0D-ACCF-7EB736FD4AA2): 10
LogDevObjectVersion:   Dev-Build (E1C64328-A22C-4D53-A36C-8E866417BD8C): 0
LogDevObjectVersion:   Dev-Core (375EC13C-06E4-48FB-B500-84F0262A717E): 3
LogDevObjectVersion:   Dev-Editor (E4B068ED-F494-42E9-A231-DA0B2E46BB41): 37
LogDevObjectVersion:   Dev-Framework (CFFC743F-43B0-4480-9391-14DF171D2073): 36
LogDevObjectVersion:   Dev-Mobile (B02B49B5-BB20-44E9-A304-32B752E40360): 2
LogDevObjectVersion:   Dev-Networking (A4E4105C-59A1-49B5-A7C5-40C4547EDFEE): 0
LogDevObjectVersion:   Dev-Online (39C831C9-5AE6-47DC-9A44-9C173E1C8E7C): 0
LogDevObjectVersion:   Dev-Physics (78F01B33-EBEA-4F98-B9B4-84EACCB95AA2): 2
LogDevObjectVersion:   Dev-Platform (6631380F-2D4D-43E0-8009-CF276956A95A): 0
LogDevObjectVersion:   Dev-Rendering (12F88B9F-8875-4AFC-A67C-D90C383ABD29): 36
LogDevObjectVersion:   Dev-Sequencer (7B5AE74C-D270-4C10-A958-57980B212A5A): 11
LogDevObjectVersion:   Dev-VR (D7296918-1DD6-4BDD-9DE2-64A83CC13884): 2
LogDevObjectVersion:   Dev-LoadTimes (C2A15278-BFE7-4AFE-6C17-90FF531DF755): 1
LogDevObjectVersion:   Private-Geometry (6EACA3D4-40EC-4CC1-B786-8BED09428FC5): 3
LogDevObjectVersion:   Dev-AnimPhys (29E575DD-E0A3-4627-9D10-D276232CDCEA): 17
LogDevObjectVersion:   Dev-Anim (AF43A65D-7FD3-4947-9873-3E8ED9C1BB05): 2
LogDevObjectVersion:   Dev-ReflectionCapture (6B266CEC-1EC7-4B8F-A30B-E4D90942FC07): 1
LogDevObjectVersion:   Dev-Automation (0DF73D61-A23F-47EA-B727-89E90C41499A): 1
LogDevObjectVersion:   FortniteMain (601D1886-AC64-4F84-AA16-D3DE0DEAC7D6): 31
LogDevObjectVersion:   Dev-Enterprise (9DFFBCD6-494F-0158-E221-12823C92A888): 8
LogDevObjectVersion:   Dev-Niagara (F2AED0AC-9AFE-416F-8664-AA7FFA26D6FC): 1
LogDevObjectVersion:   Dev-Destruction (174F1F0B-B4C6-45A5-B13F-2EE8D0FB917D): 9
LogDevObjectVersion:   Dev-Physics-Ext (35F94A83-E258-406C-A318-09F59610247C): 8
LogDevObjectVersion:   Dev-CineCamera (B2E18506-4273-CFC2-A54E-F4BB758BBA07): 1
LogInit: Presizing for max 25165824 objects, including 0 objects not considered by GC, pre-allocating 0 bytes for permanent pool.
LogInit: Object subsystem initialized
LogConfig: Setting CVar [[con.DebugEarlyDefault:1]]
LogConfig: Setting CVar [[r.setres:1280x720]]
[2020.06.02-04.18.06:991][  0]LogConfig: Setting CVar [[r.VSync:0]]
[2020.06.02-04.18.06:991][  0]LogConfig: Setting CVar [[r.RHICmdBypass:0]]
[2020.06.02-04.18.06:991][  0]LogConfig: Applying CVar settings from Section [/Script/Engine.RendererSettings] File [E:/UNREAL TRIALS/MegamanRepo2/MegaClone_2/MegaClone2/Saved/Config/Windows/Engine.ini]
[2020.06.02-04.18.06:991][  0]LogConfig: Setting CVar [[r.GPUCrashDebugging:0]]
[2020.06.02-04.18.06:991][  0]LogConfig: Setting CVar [[r.SkinCache.CompileShaders:1]]
[2020.06.02-04.18.06:991][  0]LogConfig: Setting CVar [[r.RayTracing:1]]
[2020.06.02-04.18.06:991][  0]LogConfig: Applying CVar settings from Section [/Script/Engine.RendererOverrideSettings] File [E:/UNREAL TRIALS/MegamanRepo2/MegaClone_2/MegaClone2/Saved/Config/Windows/Engine.ini]
[2020.06.02-04.18.06:991][  0]LogConfig: Applying CVar settings from Section [/Script/Engine.StreamingSettings] File [E:/UNREAL TRIALS/MegamanRepo2/MegaClone_2/MegaClone2/Saved/Config/Windows/Engine.ini]
[2020.06.02-04.18.06:991][  0]LogConfig: Setting CVar [[s.MinBulkDataSizeForAsyncLoading:131072]]
[2020.06.02-04.18.06:991][  0]LogConfig: Setting CVar [[s.AsyncLoadingThreadEnabled:0]]
[2020.06.02-04.18.06:991][  0]LogConfig: Setting CVar [[s.EventDrivenLoaderEnabled:1]]
[2020.06.02-04.18.06:991][  0]LogConfig: Setting CVar [[s.WarnIfTimeLimitExceeded:0]]
[2020.06.02-04.18.06:991][  0]LogConfig: Setting CVar [[s.TimeLimitExceededMultiplier:1.5]]
[2020.06.02-04.18.06:991][  0]LogConfig: Setting CVar [[s.TimeLimitExceededMinTime:0.005]]
[2020.06.02-04.18.06:991][  0]LogConfig: Setting CVar [[s.UseBackgroundLevelStreaming:1]]
[2020.06.02-04.18.06:991][  0]LogConfig: Setting CVar [[s.PriorityAsyncLoadingExtraTime:15.0]]
[2020.06.02-04.18.06:991][  0]LogConfig: Setting CVar [[s.LevelStreamingActorsUpdateTimeLimit:5.0]]
[2020.06.02-04.18.06:992][  0]LogConfig: Setting CVar [[s.PriorityLevelStreamingActorsUpdateExtraTime:5.0]]
[2020.06.02-04.18.06:992][  0]LogConfig: Setting CVar [[s.LevelStreamingComponentsRegistrationGranularity:10]]
[2020.06.02-04.18.06:992][  0]LogConfig: Setting CVar [[s.UnregisterComponentsTimeLimit:1.0]]
[2020.06.02-04.18.06:992][  0]LogConfig: Setting CVar [[s.LevelStreamingComponentsUnregistrationGranularity:5]]
[2020.06.02-04.18.06:992][  0]LogConfig: Setting CVar [[s.FlushStreamingOnExit:1]]
[2020.06.02-04.18.06:992][  0]LogConfig: Applying CVar settings from Section [/Script/Engine.GarbageCollectionSettings] File [E:/UNREAL TRIALS/MegamanRepo2/MegaClone_2/MegaClone2/Saved/Config/Windows/Engine.ini]
[2020.06.02-04.18.06:992][  0]LogConfig: Setting CVar [[gc.MaxObjectsNotConsideredByGC:1]]
[2020.06.02-04.18.06:992][  0]LogConfig: Setting CVar [[gc.SizeOfPermanentObjectPool:0]]
[2020.06.02-04.18.06:992][  0]LogConfig: Setting CVar [[gc.FlushStreamingOnGC:0]]
[2020.06.02-04.18.06:992][  0]LogConfig: Setting CVar [[gc.NumRetriesBeforeForcingGC:10]]
[2020.06.02-04.18.06:992][  0]LogConfig: Setting CVar [[gc.AllowParallelGC:1]]
[2020.06.02-04.18.06:992][  0]LogConfig: Setting CVar [[gc.TimeBetweenPurgingPendingKillObjects:61.1]]
[2020.06.02-04.18.06:992][  0]LogConfig: Setting CVar [[gc.MaxObjectsInEditor:25165824]]
[2020.06.02-04.18.06:992][  0]LogConfig: Setting CVar [[gc.IncrementalBeginDestroyEnabled:1]]
[2020.06.02-04.18.06:992][  0]LogConfig: Setting CVar [[gc.CreateGCClusters:1]]
[2020.06.02-04.18.06:992][  0]LogConfig: Setting CVar [[gc.MinGCClusterSize:5]]
[2020.06.02-04.18.06:992][  0]LogConfig: Setting CVar [[gc.ActorClusteringEnabled:0]]
[2020.06.02-04.18.06:992][  0]LogConfig: Setting CVar [[gc.BlueprintClusteringEnabled:0]]
[2020.06.02-04.18.06:992][  0]LogConfig: Setting CVar [[gc.UseDisregardForGCOnDedicatedServers:0]]
[2020.06.02-04.18.06:992][  0]LogConfig: Applying CVar settings from Section [/Script/Engine.NetworkSettings] File [E:/UNREAL TRIALS/MegamanRepo2/MegaClone_2/MegaClone2/Saved/Config/Windows/Engine.ini]
[2020.06.02-04.18.06:992][  0]LogConfig: Applying CVar settings from Section [/Script/UnrealEd.CookerSettings] File [E:/UNREAL TRIALS/MegamanRepo2/MegaClone_2/MegaClone2/Saved/Config/Windows/Engine.ini]
[2020.06.02-04.18.07:014][  0]LogConfig: Applying CVar settings from Section [ViewDistanceQuality@3] File [E:/UNREAL TRIALS/MegamanRepo2/MegaClone_2/MegaClone2/Saved/Config/Windows/Scalability.ini]
[2020.06.02-04.18.07:014][  0]LogConfig: Setting CVar [[r.SkeletalMeshLODBias:0]]
[2020.06.02-04.18.07:014][  0]LogConfig: Setting CVar [[r.ViewDistanceScale:1.0]]
[2020.06.02-04.18.07:014][  0]LogConfig: Applying CVar settings from Section [AntiAliasingQuality@3] File [E:/UNREAL TRIALS/MegamanRepo2/MegaClone_2/MegaClone2/Saved/Config/Windows/Scalability.ini]
[2020.06.02-04.18.07:014][  0]LogConfig: Setting CVar [[r.PostProcessAAQuality:4]]
[2020.06.02-04.18.07:014][  0]LogConfig: Applying CVar settings from Section [ShadowQuality@3] File [E:/UNREAL TRIALS/MegamanRepo2/MegaClone_2/MegaClone2/Saved/Config/Windows/Scalability.ini]
[2020.06.02-04.18.07:014][  0]LogConfig: Setting CVar [[r.LightFunctionQuality:1]]
[2020.06.02-04.18.07:014][  0]LogConfig: Setting CVar [[r.ShadowQuality:5]]
[2020.06.02-04.18.07:014][  0]LogConfig: Setting CVar [[r.Shadow.CSM.MaxCascades:10]]
[2020.06.02-04.18.07:014][  0]LogConfig: Setting CVar [[r.Shadow.MaxResolution:2048]]
[2020.06.02-04.18.07:014][  0]LogConfig: Setting CVar [[r.Shadow.MaxCSMResolution:2048]]
[2020.06.02-04.18.07:014][  0]LogConfig: Setting CVar [[r.Shadow.RadiusThreshold:0.01]]
[2020.06.02-04.18.07:014][  0]LogConfig: Setting CVar [[r.Shadow.DistanceScale:1.0]]
[2020.06.02-04.18.07:014][  0]LogConfig: Setting CVar [[r.Shadow.CSM.TransitionScale:1.0]]
[2020.06.02-04.18.07:014][  0]LogConfig: Setting CVar [[r.Shadow.PreShadowResolutionFactor:1.0]]
[2020.06.02-04.18.07:014][  0]LogConfig: Setting CVar [[r.DistanceFieldShadowing:1]]
[2020.06.02-04.18.07:014][  0]LogConfig: Setting CVar [[r.DistanceFieldAO:1]]
[2020.06.02-04.18.07:014][  0]LogConfig: Setting CVar [[r.AOQuality:2]]
[2020.06.02-04.18.07:014][  0]LogConfig: Setting CVar [[r.VolumetricFog:1]]
[2020.06.02-04.18.07:014][  0]LogConfig: Setting CVar [[r.VolumetricFog.GridPixelSize:8]]
[2020.06.02-04.18.07:014][  0]LogConfig: Setting CVar [[r.VolumetricFog.GridSizeZ:128]]
[2020.06.02-04.18.07:014][  0]LogConfig: Setting CVar [[r.VolumetricFog.HistoryMissSupersampleCount:4]]
[2020.06.02-04.18.07:014][  0]LogConfig: Setting CVar [[r.LightMaxDrawDistanceScale:1]]
[2020.06.02-04.18.07:014][  0]LogConfig: Setting CVar [[r.CapsuleShadows:1]]
[2020.06.02-04.18.07:014][  0]LogConfig: Applying CVar settings from Section [PostProcessQuality@3] File [E:/UNREAL TRIALS/MegamanRepo2/MegaClone_2/MegaClone2/Saved/Config/Windows/Scalability.ini]
[2020.06.02-04.18.07:014][  0]LogConfig: Setting CVar [[r.MotionBlurQuality:4]]
[2020.06.02-04.18.07:014][  0]LogConfig: Setting CVar [[r.AmbientOcclusionMipLevelFactor:0.4]]
[2020.06.02-04.18.07:014][  0]LogConfig: Setting CVar [[r.AmbientOcclusionMaxQuality:100]]
[2020.06.02-04.18.07:014][  0]LogConfig: Setting CVar [[r.AmbientOcclusionLevels:-1]]
[2020.06.02-04.18.07:014][  0]LogConfig: Setting CVar [[r.AmbientOcclusionRadiusScale:1.0]]
[2020.06.02-04.18.07:014][  0]LogConfig: Setting CVar [[r.DepthOfFieldQuality:2]]
[2020.06.02-04.18.07:014][  0]LogConfig: Setting CVar [[r.RenderTargetPoolMin:400]]
[2020.06.02-04.18.07:014][  0]LogConfig: Setting CVar [[r.LensFlareQuality:2]]
[2020.06.02-04.18.07:014][  0]LogConfig: Setting CVar [[r.SceneColorFringeQuality:1]]
[2020.06.02-04.18.07:014][  0]LogConfig: Setting CVar [[r.EyeAdaptationQuality:2]]
[2020.06.02-04.18.07:014][  0]LogConfig: Setting CVar [[r.BloomQuality:5]]
[2020.06.02-04.18.07:014][  0]LogConfig: Setting CVar [[r.FastBlurThreshold:100]]
[2020.06.02-04.18.07:014][  0]LogConfig: Setting CVar [[r.Upscale.Quality:3]]
[2020.06.02-04.18.07:014][  0]LogConfig: Setting CVar [[r.Tonemapper.GrainQuantization:1]]
[2020.06.02-04.18.07:014][  0]LogConfig: Setting CVar [[r.LightShaftQuality:1]]
[2020.06.02-04.18.07:014][  0]LogConfig: Setting CVar [[r.Filter.SizeScale:1]]
[2020.06.02-04.18.07:014][  0]LogConfig: Setting CVar [[r.Tonemapper.Quality:5]]
[2020.06.02-04.18.07:015][  0]LogConfig: Setting CVar [[r.DOF.Gather.AccumulatorQuality:1        ; higher gathering accumulator quality]]
[2020.06.02-04.18.07:015][  0]LogConfig: Setting CVar [[r.DOF.Gather.PostfilterMethod:1          ; Median3x3 postfilering method]]
[2020.06.02-04.18.07:015][  0]LogConfig: Setting CVar [[r.DOF.Gather.EnableBokehSettings:0       ; no bokeh simulation when gathering]]
[2020.06.02-04.18.07:015][  0]LogConfig: Setting CVar [[r.DOF.Gather.RingCount:4                 ; medium number of samples when gathering]]
[2020.06.02-04.18.07:015][  0]LogConfig: Setting CVar [[r.DOF.Scatter.ForegroundCompositing:1    ; additive foreground scattering]]
[2020.06.02-04.18.07:015][  0]LogConfig: Setting CVar [[r.DOF.Scatter.BackgroundCompositing:2    ; additive background scattering]]
[2020.06.02-04.18.07:015][  0]LogConfig: Setting CVar [[r.DOF.Scatter.EnableBokehSettings:1      ; bokeh simulation when scattering]]
[2020.06.02-04.18.07:015][  0]LogConfig: Setting CVar [[r.DOF.Scatter.MaxSpriteRatio:0.1         ; only a maximum of 10% of scattered bokeh]]
[2020.06.02-04.18.07:015][  0]LogConfig: Setting CVar [[r.DOF.Recombine.Quality:1                ; cheap slight out of focus]]
[2020.06.02-04.18.07:015][  0]LogConfig: Setting CVar [[r.DOF.Recombine.EnableBokehSettings:0    ; no bokeh simulation on slight out of focus]]
[2020.06.02-04.18.07:015][  0]LogConfig: Setting CVar [[r.DOF.TemporalAAQuality:1                ; more stable temporal accumulation]]
[2020.06.02-04.18.07:015][  0]LogConfig: Setting CVar [[r.DOF.Kernel.MaxForegroundRadius:0.025]]
[2020.06.02-04.18.07:015][  0]LogConfig: Setting CVar [[r.DOF.Kernel.MaxBackgroundRadius:0.025]]
[2020.06.02-04.18.07:015][  0]LogConfig: Applying CVar settings from Section [TextureQuality@3] File [E:/UNREAL TRIALS/MegamanRepo2/MegaClone_2/MegaClone2/Saved/Config/Windows/Scalability.ini]
[2020.06.02-04.18.07:015][  0]LogConfig: Setting CVar [[r.Streaming.MipBias:0]]
[2020.06.02-04.18.07:015][  0]LogConfig: Setting CVar [[r.Streaming.AmortizeCPUToGPUCopy:0]]
[2020.06.02-04.18.07:015][  0]LogConfig: Setting CVar [[r.Streaming.MaxNumTexturesToStreamPerFrame:0]]
[2020.06.02-04.18.07:015][  0]LogConfig: Setting CVar [[r.Streaming.Boost:1]]
[2020.06.02-04.18.07:015][  0]LogConfig: Setting CVar [[r.MaxAnisotropy:8]]
[2020.06.02-04.18.07:015][  0]LogConfig: Setting CVar [[r.VT.MaxAnisotropy:8]]
[2020.06.02-04.18.07:015][  0]LogConfig: Setting CVar [[r.Streaming.LimitPoolSizeToVRAM:0]]
[2020.06.02-04.18.07:015][  0]LogConfig: Setting CVar [[r.Streaming.PoolSize:1000]]
[2020.06.02-04.18.07:015][  0]LogConfig: Setting CVar [[r.Streaming.MaxEffectiveScreenSize:0]]
[2020.06.02-04.18.07:015][  0]LogConfig: Applying CVar settings from Section [EffectsQuality@3] File [E:/UNREAL TRIALS/MegamanRepo2/MegaClone_2/MegaClone2/Saved/Config/Windows/Scalability.ini]
[2020.06.02-04.18.07:015][  0]LogConfig: Setting CVar [[r.TranslucencyLightingVolumeDim:64]]
[2020.06.02-04.18.07:015][  0]LogConfig: Setting CVar [[r.RefractionQuality:2]]
[2020.06.02-04.18.07:015][  0]LogConfig: Setting CVar [[r.SSR.Quality:3]]
[2020.06.02-04.18.07:015][  0]LogConfig: Setting CVar [[r.SSR.HalfResSceneColor:0]]
[2020.06.02-04.18.07:015][  0]LogConfig: Setting CVar [[r.SceneColorFormat:4]]
[2020.06.02-04.18.07:015][  0]LogConfig: Setting CVar [[r.DetailMode:2]]
[2020.06.02-04.18.07:015][  0]LogConfig: Setting CVar [[r.TranslucencyVolumeBlur:1]]
[2020.06.02-04.18.07:015][  0]LogConfig: Setting CVar [[r.MaterialQualityLevel:1 ; High quality]]
[2020.06.02-04.18.07:015][  0]LogConfig: Setting CVar [[r.SSS.Scale:1]]
[2020.06.02-04.18.07:015][  0]LogConfig: Setting CVar [[r.SSS.SampleSet:2]]
[2020.06.02-04.18.07:015][  0]LogConfig: Setting CVar [[r.SSS.Quality:1]]
[2020.06.02-04.18.07:015][  0]LogConfig: Setting CVar [[r.SSS.HalfRes:1]]
[2020.06.02-04.18.07:015][  0]LogConfig: Setting CVar [[r.SSGI.Quality:3]]
[2020.06.02-04.18.07:015][  0]LogConfig: Setting CVar [[r.EmitterSpawnRateScale:1.0]]
[2020.06.02-04.18.07:015][  0]LogConfig: Setting CVar [[r.ParticleLightQuality:2]]
[2020.06.02-04.18.07:015][  0]LogConfig: Setting CVar [[r.SkyAtmosphere.AerialPerspectiveLUT.FastApplyOnOpaque:1 ; Always have FastSkyLUT 1 in this case to avoid wrong sky]]
[2020.06.02-04.18.07:015][  0]LogConfig: Setting CVar [[r.SkyAtmosphere.AerialPerspectiveLUT.SampleCountPerSlice:1]]
[2020.06.02-04.18.07:015][  0]LogConfig: Setting CVar [[r.SkyAtmosphere.AerialPerspectiveLUT.DepthResolution:16.0]]
[2020.06.02-04.18.07:015][  0]LogConfig: Setting CVar [[r.SkyAtmosphere.FastSkyLUT:1]]
[2020.06.02-04.18.07:015][  0]LogConfig: Setting CVar [[r.SkyAtmosphere.FastSkyLUT.SampleCountMin:4.0]]
[2020.06.02-04.18.07:015][  0]LogConfig: Setting CVar [[r.SkyAtmosphere.FastSkyLUT.SampleCountMax:32.0]]
[2020.06.02-04.18.07:015][  0]LogConfig: Setting CVar [[r.SkyAtmosphere.SampleCountMin:4.0]]
[2020.06.02-04.18.07:015][  0]LogConfig: Setting CVar [[r.SkyAtmosphere.SampleCountMax:32.0]]
[2020.06.02-04.18.07:015][  0]LogConfig: Setting CVar [[r.SkyAtmosphere.TransmittanceLUT.UseSmallFormat:0]]
[2020.06.02-04.18.07:015][  0]LogConfig: Setting CVar [[r.SkyAtmosphere.TransmittanceLUT.SampleCount:10.0]]
[2020.06.02-04.18.07:015][  0]LogConfig: Setting CVar [[r.SkyAtmosphere.MultiScatteringLUT.SampleCount:15.0]]
[2020.06.02-04.18.07:015][  0]LogConfig: Applying CVar settings from Section [FoliageQuality@3] File [E:/UNREAL TRIALS/MegamanRepo2/MegaClone_2/MegaClone2/Saved/Config/Windows/Scalability.ini]
[2020.06.02-04.18.07:015][  0]LogConfig: Setting CVar [[foliage.DensityScale:1.0]]
[2020.06.02-04.18.07:015][  0]LogConfig: Setting CVar [[grass.DensityScale:1.0]]
[2020.06.02-04.18.07:015][  0]LogConfig: Applying CVar settings from Section [ShadingQuality@3] File [E:/UNREAL TRIALS/MegamanRepo2/MegaClone_2/MegaClone2/Saved/Config/Windows/Scalability.ini]
[2020.06.02-04.18.07:015][  0]LogConfig: Setting CVar [[r.HairStrands.SkyLighting.SampleCount:16]]
[2020.06.02-04.18.07:015][  0]LogConfig: Setting CVar [[r.HairStrands.SkyLighting.JitterIntegration:0]]
[2020.06.02-04.18.07:015][  0]LogConfig: Setting CVar [[r.HairStrands.SkyAO.SampleCount:16]]
[2020.06.02-04.18.07:015][  0]LogInit: Selected Device Profile: [Windows]
[2020.06.02-04.18.07:015][  0]LogInit: Applying CVar settings loaded from the selected device profile: [Windows]
[2020.06.02-04.18.07:017][  0]LogHAL: Display: Platform has ~ 32 GB [34312470528 / 34359738368 / 32], which maps to Largest [LargestMinGB=32, LargerMinGB=12, DefaultMinGB=8, SmallerMinGB=6, SmallestMinGB=0)
[2020.06.02-04.18.07:017][  0]LogInit: Going up to parent DeviceProfile []
[2020.06.02-04.18.07:017][  0]LogConfig: Applying CVar settings from Section [ViewDistanceQuality@3] File [E:/UNREAL TRIALS/MegamanRepo2/MegaClone_2/MegaClone2/Saved/Config/Windows/Scalability.ini]
[2020.06.02-04.18.07:017][  0]LogConfig: Setting CVar [[r.SkeletalMeshLODBias:0]]
[2020.06.02-04.18.07:018][  0]LogConfig: Setting CVar [[r.ViewDistanceScale:1.0]]
[2020.06.02-04.18.07:018][  0]LogConfig: Applying CVar settings from Section [AntiAliasingQuality@3] File [E:/UNREAL TRIALS/MegamanRepo2/MegaClone_2/MegaClone2/Saved/Config/Windows/Scalability.ini]
[2020.06.02-04.18.07:018][  0]LogConfig: Setting CVar [[r.PostProcessAAQuality:4]]
[2020.06.02-04.18.07:018][  0]LogConfig: Applying CVar settings from Section [ShadowQuality@3] File [E:/UNREAL TRIALS/MegamanRepo2/MegaClone_2/MegaClone2/Saved/Config/Windows/Scalability.ini]
[2020.06.02-04.18.07:018][  0]LogConfig: Setting CVar [[r.LightFunctionQuality:1]]
[2020.06.02-04.18.07:018][  0]LogConfig: Setting CVar [[r.ShadowQuality:5]]
[2020.06.02-04.18.07:018][  0]LogConfig: Setting CVar [[r.Shadow.CSM.MaxCascades:10]]
[2020.06.02-04.18.07:018][  0]LogConfig: Setting CVar [[r.Shadow.MaxResolution:2048]]
[2020.06.02-04.18.07:018][  0]LogConfig: Setting CVar [[r.Shadow.MaxCSMResolution:2048]]
[2020.06.02-04.18.07:018][  0]LogConfig: Setting CVar [[r.Shadow.RadiusThreshold:0.01]]
[2020.06.02-04.18.07:018][  0]LogConfig: Setting CVar [[r.Shadow.DistanceScale:1.0]]
[2020.06.02-04.18.07:018][  0]LogConfig: Setting CVar [[r.Shadow.CSM.TransitionScale:1.0]]
[2020.06.02-04.18.07:018][  0]LogConfig: Setting CVar [[r.Shadow.PreShadowResolutionFactor:1.0]]
[2020.06.02-04.18.07:018][  0]LogConfig: Setting CVar [[r.DistanceFieldShadowing:1]]
[2020.06.02-04.18.07:018][  0]LogConfig: Setting CVar [[r.DistanceFieldAO:1]]
[2020.06.02-04.18.07:018][  0]LogConfig: Setting CVar [[r.AOQuality:2]]
[2020.06.02-04.18.07:018][  0]LogConfig: Setting CVar [[r.VolumetricFog:1]]
[2020.06.02-04.18.07:018][  0]LogConfig: Setting CVar [[r.VolumetricFog.GridPixelSize:8]]
[2020.06.02-04.18.07:018][  0]LogConfig: Setting CVar [[r.VolumetricFog.GridSizeZ:128]]
[2020.06.02-04.18.07:018][  0]LogConfig: Setting CVar [[r.VolumetricFog.HistoryMissSupersampleCount:4]]
[2020.06.02-04.18.07:018][  0]LogConfig: Setting CVar [[r.LightMaxDrawDistanceScale:1]]
[2020.06.02-04.18.07:018][  0]LogConfig: Setting CVar [[r.CapsuleShadows:1]]
[2020.06.02-04.18.07:018][  0]LogConfig: Applying CVar settings from Section [PostProcessQuality@3] File [E:/UNREAL TRIALS/MegamanRepo2/MegaClone_2/MegaClone2/Saved/Config/Windows/Scalability.ini]
[2020.06.02-04.18.07:018][  0]LogConfig: Setting CVar [[r.MotionBlurQuality:4]]
[2020.06.02-04.18.07:018][  0]LogConfig: Setting CVar [[r.AmbientOcclusionMipLevelFactor:0.4]]
[2020.06.02-04.18.07:018][  0]LogConfig: Setting CVar [[r.AmbientOcclusionMaxQuality:100]]
[2020.06.02-04.18.07:018][  0]LogConfig: Setting CVar [[r.AmbientOcclusionLevels:-1]]
[2020.06.02-04.18.07:018][  0]LogConfig: Setting CVar [[r.AmbientOcclusionRadiusScale:1.0]]
[2020.06.02-04.18.07:018][  0]LogConfig: Setting CVar [[r.DepthOfFieldQuality:2]]
[2020.06.02-04.18.07:018][  0]LogConfig: Setting CVar [[r.RenderTargetPoolMin:400]]
[2020.06.02-04.18.07:018][  0]LogConfig: Setting CVar [[r.LensFlareQuality:2]]
[2020.06.02-04.18.07:018][  0]LogConfig: Setting CVar [[r.SceneColorFringeQuality:1]]
[2020.06.02-04.18.07:018][  0]LogConfig: Setting CVar [[r.EyeAdaptationQuality:2]]
[2020.06.02-04.18.07:018][  0]LogConfig: Setting CVar [[r.BloomQuality:5]]
[2020.06.02-04.18.07:018][  0]LogConfig: Setting CVar [[r.FastBlurThreshold:100]]
[2020.06.02-04.18.07:018][  0]LogConfig: Setting CVar [[r.Upscale.Quality:3]]
[2020.06.02-04.18.07:018][  0]LogConfig: Setting CVar [[r.Tonemapper.GrainQuantization:1]]
[2020.06.02-04.18.07:018][  0]LogConfig: Setting CVar [[r.LightShaftQuality:1]]
[2020.06.02-04.18.07:018][  0]LogConfig: Setting CVar [[r.Filter.SizeScale:1]]
[2020.06.02-04.18.07:018][  0]LogConfig: Setting CVar [[r.Tonemapper.Quality:5]]
[2020.06.02-04.18.07:018][  0]LogConfig: Setting CVar [[r.DOF.Gather.AccumulatorQuality:1        ; higher gathering accumulator quality]]
[2020.06.02-04.18.07:018][  0]LogConfig: Setting CVar [[r.DOF.Gather.PostfilterMethod:1          ; Median3x3 postfilering method]]
[2020.06.02-04.18.07:018][  0]LogConfig: Setting CVar [[r.DOF.Gather.EnableBokehSettings:0       ; no bokeh simulation when gathering]]
[2020.06.02-04.18.07:018][  0]LogConfig: Setting CVar [[r.DOF.Gather.RingCount:4                 ; medium number of samples when gathering]]
[2020.06.02-04.18.07:018][  0]LogConfig: Setting CVar [[r.DOF.Scatter.ForegroundCompositing:1    ; additive foreground scattering]]
[2020.06.02-04.18.07:018][  0]LogConfig: Setting CVar [[r.DOF.Scatter.BackgroundCompositing:2    ; additive background scattering]]
[2020.06.02-04.18.07:018][  0]LogConfig: Setting CVar [[r.DOF.Scatter.EnableBokehSettings:1      ; bokeh simulation when scattering]]
[2020.06.02-04.18.07:018][  0]LogConfig: Setting CVar [[r.DOF.Scatter.MaxSpriteRatio:0.1         ; only a maximum of 10% of scattered bokeh]]
[2020.06.02-04.18.07:018][  0]LogConfig: Setting CVar [[r.DOF.Recombine.Quality:1                ; cheap slight out of focus]]
[2020.06.02-04.18.07:018][  0]LogConfig: Setting CVar [[r.DOF.Recombine.EnableBokehSettings:0    ; no bokeh simulation on slight out of focus]]
[2020.06.02-04.18.07:018][  0]LogConfig: Setting CVar [[r.DOF.TemporalAAQuality:1                ; more stable temporal accumulation]]
[2020.06.02-04.18.07:018][  0]LogConfig: Setting CVar [[r.DOF.Kernel.MaxForegroundRadius:0.025]]
[2020.06.02-04.18.07:018][  0]LogConfig: Setting CVar [[r.DOF.Kernel.MaxBackgroundRadius:0.025]]
[2020.06.02-04.18.07:018][  0]LogConfig: Applying CVar settings from Section [TextureQuality@3] File [E:/UNREAL TRIALS/MegamanRepo2/MegaClone_2/MegaClone2/Saved/Config/Windows/Scalability.ini]
[2020.06.02-04.18.07:018][  0]LogConfig: Setting CVar [[r.Streaming.MipBias:0]]
[2020.06.02-04.18.07:018][  0]LogConfig: Setting CVar [[r.Streaming.AmortizeCPUToGPUCopy:0]]
[2020.06.02-04.18.07:018][  0]LogConfig: Setting CVar [[r.Streaming.MaxNumTexturesToStreamPerFrame:0]]
[2020.06.02-04.18.07:018][  0]LogConfig: Setting CVar [[r.Streaming.Boost:1]]
[2020.06.02-04.18.07:018][  0]LogConfig: Setting CVar [[r.MaxAnisotropy:8]]
[2020.06.02-04.18.07:018][  0]LogConfig: Setting CVar [[r.VT.MaxAnisotropy:8]]
[2020.06.02-04.18.07:018][  0]LogConfig: Setting CVar [[r.Streaming.LimitPoolSizeToVRAM:0]]
[2020.06.02-04.18.07:018][  0]LogConfig: Setting CVar [[r.Streaming.PoolSize:1000]]
[2020.06.02-04.18.07:018][  0]LogConfig: Setting CVar [[r.Streaming.MaxEffectiveScreenSize:0]]
[2020.06.02-04.18.07:018][  0]LogConfig: Applying CVar settings from Section [EffectsQuality@3] File [E:/UNREAL TRIALS/MegamanRepo2/MegaClone_2/MegaClone2/Saved/Config/Windows/Scalability.ini]
[2020.06.02-04.18.07:018][  0]LogConfig: Setting CVar [[r.TranslucencyLightingVolumeDim:64]]
[2020.06.02-04.18.07:018][  0]LogConfig: Setting CVar [[r.RefractionQuality:2]]
[2020.06.02-04.18.07:018][  0]LogConfig: Setting CVar [[r.SSR.Quality:3]]
[2020.06.02-04.18.07:018][  0]LogConfig: Setting CVar [[r.SSR.HalfResSceneColor:0]]
[2020.06.02-04.18.07:019][  0]LogConfig: Setting CVar [[r.SceneColorFormat:4]]
[2020.06.02-04.18.07:019][  0]LogConfig: Setting CVar [[r.DetailMode:2]]
[2020.06.02-04.18.07:019][  0]LogConfig: Setting CVar [[r.TranslucencyVolumeBlur:1]]
[2020.06.02-04.18.07:019][  0]LogConfig: Setting CVar [[r.MaterialQualityLevel:1 ; High quality]]
[2020.06.02-04.18.07:019][  0]LogConfig: Setting CVar [[r.SSS.Scale:1]]
[2020.06.02-04.18.07:019][  0]LogConfig: Setting CVar [[r.SSS.SampleSet:2]]
[2020.06.02-04.18.07:019][  0]LogConfig: Setting CVar [[r.SSS.Quality:1]]
[2020.06.02-04.18.07:019][  0]LogConfig: Setting CVar [[r.SSS.HalfRes:1]]
[2020.06.02-04.18.07:019][  0]LogConfig: Setting CVar [[r.SSGI.Quality:3]]
[2020.06.02-04.18.07:019][  0]LogConfig: Setting CVar [[r.EmitterSpawnRateScale:1.0]]
[2020.06.02-04.18.07:019][  0]LogConfig: Setting CVar [[r.ParticleLightQuality:2]]
[2020.06.02-04.18.07:019][  0]LogConfig: Setting CVar [[r.SkyAtmosphere.AerialPerspectiveLUT.FastApplyOnOpaque:1 ; Always have FastSkyLUT 1 in this case to avoid wrong sky]]
[2020.06.02-04.18.07:019][  0]LogConfig: Setting CVar [[r.SkyAtmosphere.AerialPerspectiveLUT.SampleCountPerSlice:1]]
[2020.06.02-04.18.07:019][  0]LogConfig: Setting CVar [[r.SkyAtmosphere.AerialPerspectiveLUT.DepthResolution:16.0]]
[2020.06.02-04.18.07:019][  0]LogConfig: Setting CVar [[r.SkyAtmosphere.FastSkyLUT:1]]
[2020.06.02-04.18.07:019][  0]LogConfig: Setting CVar [[r.SkyAtmosphere.FastSkyLUT.SampleCountMin:4.0]]
[2020.06.02-04.18.07:019][  0]LogConfig: Setting CVar [[r.SkyAtmosphere.FastSkyLUT.SampleCountMax:32.0]]
[2020.06.02-04.18.07:019][  0]LogConfig: Setting CVar [[r.SkyAtmosphere.SampleCountMin:4.0]]
[2020.06.02-04.18.07:019][  0]LogConfig: Setting CVar [[r.SkyAtmosphere.SampleCountMax:32.0]]
[2020.06.02-04.18.07:019][  0]LogConfig: Setting CVar [[r.SkyAtmosphere.TransmittanceLUT.UseSmallFormat:0]]
[2020.06.02-04.18.07:019][  0]LogConfig: Setting CVar [[r.SkyAtmosphere.TransmittanceLUT.SampleCount:10.0]]
[2020.06.02-04.18.07:019][  0]LogConfig: Setting CVar [[r.SkyAtmosphere.MultiScatteringLUT.SampleCount:15.0]]
[2020.06.02-04.18.07:019][  0]LogConfig: Applying CVar settings from Section [FoliageQuality@3] File [E:/UNREAL TRIALS/MegamanRepo2/MegaClone_2/MegaClone2/Saved/Config/Windows/Scalability.ini]
[2020.06.02-04.18.07:019][  0]LogConfig: Setting CVar [[foliage.DensityScale:1.0]]
[2020.06.02-04.18.07:019][  0]LogConfig: Setting CVar [[grass.DensityScale:1.0]]
[2020.06.02-04.18.07:019][  0]LogConfig: Applying CVar settings from Section [ShadingQuality@3] File [E:/UNREAL TRIALS/MegamanRepo2/MegaClone_2/MegaClone2/Saved/Config/Windows/Scalability.ini]
[2020.06.02-04.18.07:019][  0]LogConfig: Setting CVar [[r.HairStrands.SkyLighting.SampleCount:16]]
[2020.06.02-04.18.07:019][  0]LogConfig: Setting CVar [[r.HairStrands.SkyLighting.JitterIntegration:0]]
[2020.06.02-04.18.07:019][  0]LogConfig: Setting CVar [[r.HairStrands.SkyAO.SampleCount:16]]
[2020.06.02-04.18.07:019][  0]LogConfig: Applying CVar settings from Section [Startup] File [../../../Engine/Config/ConsoleVariables.ini]
[2020.06.02-04.18.07:019][  0]LogConfig: Setting CVar [[net.UseAdaptiveNetUpdateFrequency:0]]
[2020.06.02-04.18.07:019][  0]LogConfig: Setting CVar [[p.chaos.AllowCreatePhysxBodies:1]]
[2020.06.02-04.18.07:019][  0]LogConfig: Applying CVar settings from Section [ConsoleVariables] File [E:/UNREAL TRIALS/MegamanRepo2/MegaClone_2/MegaClone2/Saved/Config/Windows/Engine.ini]
[2020.06.02-04.18.07:019][  0]LogInit: Computer: DESKTOP-H5JS6CP
[2020.06.02-04.18.07:019][  0]LogInit: User: IanMichaelJesu
[2020.06.02-04.18.07:019][  0]LogInit: CPU Page size=4096, Cores=6
[2020.06.02-04.18.07:019][  0]LogInit: High frequency timer resolution =10.000000 MHz
[2020.06.02-04.18.07:020][  0]LogMemory: Memory total: Physical=32.0GB (32GB approx)
[2020.06.02-04.18.07:020][  0]LogMemory: Platform Memory Stats for Windows
[2020.06.02-04.18.07:020][  0]LogMemory: Process Physical Memory: 105.25 MB used, 105.25 MB peak
[2020.06.02-04.18.07:020][  0]LogMemory: Process Virtual Memory: 101.47 MB used, 101.47 MB peak
[2020.06.02-04.18.07:020][  0]LogMemory: Physical Memory: 13893.90 MB used,  18829.02 MB free, 32722.92 MB total
[2020.06.02-04.18.07:020][  0]LogMemory: Virtual Memory: 5156.27 MB used,  134212568.00 MB free, 134217728.00 MB total
[2020.06.02-04.18.07:416][  0]LogWindows: WindowsPlatformFeatures enabled
[2020.06.02-04.18.07:437][  0]LogInit: Using OS detected language (en-US).
[2020.06.02-04.18.07:437][  0]LogInit: Using OS detected locale (en-US).
[2020.06.02-04.18.07:438][  0]LogTextLocalizationManager: No specific localization for 'en-US' exists, so the 'en' localization will be used.
[2020.06.02-04.18.07:583][  0]LogInit: Setting process to per monitor DPI aware
[2020.06.02-04.18.07:635][  0]LogSlate: New Slate User Created.  User Index 0, Is Virtual User: 0
[2020.06.02-04.18.07:635][  0]LogSlate: Slate User Registered.  User Index 0, Is Virtual User: 0
[2020.06.02-04.18.07:851][  0]LogD3D12RHI: Aftermath initialized
[2020.06.02-04.18.07:851][  0]LogD3D12RHI: Loading WinPixEventRuntime.dll for PIX profiling (from ../../../Engine/Binaries/ThirdParty/Windows/DirectX/x64).
[2020.06.02-04.18.07:950][  0]LogD3D12RHI: Found D3D12 adapter 0: NVIDIA GeForce GTX 1080 Ti (Max supported Feature Level 12_1)
[2020.06.02-04.18.07:950][  0]LogD3D12RHI: Adapter has 11127MB of dedicated video memory, 0MB of dedicated system memory, and 16361MB of shared system memory, 4 output[s]
[2020.06.02-04.18.07:959][  0]LogD3D12RHI: Found D3D12 adapter 1: Microsoft Basic Render Driver (Max supported Feature Level 12_1)
[2020.06.02-04.18.07:959][  0]LogD3D12RHI: Adapter has 0MB of dedicated video memory, 0MB of dedicated system memory, and 16361MB of shared system memory, 0 output[s]
[2020.06.02-04.18.07:959][  0]LogD3D12RHI: Forcing D3D12.AsyncDeferredDeletion=0 as a workaround for a deadlock.
[2020.06.02-04.18.07:959][  0]LogD3D12RHI: Chosen D3D12 Adapter Id = 0
[2020.06.02-04.18.07:969][  0]LogD3D12RHI: Emitting draw events for PIX profiling.
[2020.06.02-04.18.08:028][  0]LogD3D12RHI: D3D12 ray tracing enabled.
[2020.06.02-04.18.08:028][  0]LogD3D12RHI: The system supports ID3D12Device1.
[2020.06.02-04.18.08:028][  0]LogD3D12RHI: The system supports ID3D12Device2.
[2020.06.02-04.18.08:087][  0]LogD3D12RHI: Display: Not using pipeline state disk cache per r.D3D12.PSO.DiskCache=0
[2020.06.02-04.18.08:087][  0]LogD3D12RHI: Display: Not using driver-optimized pipeline state disk cache per r.D3D12.PSO.DriverOptimizedDiskCache=0
[2020.06.02-04.18.08:088][  0]LogD3D12RHI:     GPU DeviceId: 0x1b06 (for the marketing name, search the web for "GPU Device Id")
[2020.06.02-04.18.08:088][  0]LogWindows: EnumDisplayDevices:
[2020.06.02-04.18.08:088][  0]LogWindows:    0. 'NVIDIA GeForce GTX 1080 Ti' (P:0 D:1)
[2020.06.02-04.18.08:088][  0]LogWindows:    1. 'NVIDIA GeForce GTX 1080 Ti' (P:1 D:1)
[2020.06.02-04.18.08:088][  0]LogWindows:    2. 'NVIDIA GeForce GTX 1080 Ti' (P:0 D:1)
[2020.06.02-04.18.08:089][  0]LogWindows:    3. 'NVIDIA GeForce GTX 1080 Ti' (P:0 D:1)
[2020.06.02-04.18.08:089][  0]LogWindows: DebugString: FoundDriverCount:4 
[2020.06.02-04.18.08:089][  0]LogD3D12RHI:     Adapter Name: NVIDIA GeForce GTX 1080 Ti
[2020.06.02-04.18.08:089][  0]LogD3D12RHI:   Driver Version: 445.87 (internal:26.21.14.4587, unified:445.87)
[2020.06.02-04.18.08:089][  0]LogD3D12RHI:      Driver Date: 4-3-2020
[2020.06.02-04.18.08:089][  0]LogRHI: Texture pool is 5958 MB (70% of 8512 MB)
[2020.06.02-04.18.08:089][  0]LogD3D12RHI: Async texture creation enabled
[2020.06.02-04.18.08:089][  0]LogD3D12RHI: RHI has support for 64 bit atomics
[2020.06.02-04.18.08:401][  0]LogTargetPlatformManager: Display: Loaded TargetPlatform 'AllDesktop'
[2020.06.02-04.18.08:430][  0]LogTargetPlatformManager: Display: Loaded TargetPlatform 'Android'
[2020.06.02-04.18.08:430][  0]LogTargetPlatformManager: Display: Loaded TargetPlatform 'Android_ASTC'
[2020.06.02-04.18.08:430][  0]LogTargetPlatformManager: Display: Loaded TargetPlatform 'Android_ATC'
[2020.06.02-04.18.08:430][  0]LogTargetPlatformManager: Display: Loaded TargetPlatform 'Android_DXT'
[2020.06.02-04.18.08:430][  0]LogTargetPlatformManager: Display: Loaded TargetPlatform 'Android_ETC1'
[2020.06.02-04.18.08:430][  0]LogTargetPlatformManager: Display: Loaded TargetPlatform 'Android_ETC1a'
[2020.06.02-04.18.08:430][  0]LogTargetPlatformManager: Display: Loaded TargetPlatform 'Android_ETC2'
[2020.06.02-04.18.08:430][  0]LogTargetPlatformManager: Display: Loaded TargetPlatform 'Android_PVRTC'
[2020.06.02-04.18.08:430][  0]LogTargetPlatformManager: Display: Loaded TargetPlatform 'AndroidClient'
[2020.06.02-04.18.08:430][  0]LogTargetPlatformManager: Display: Loaded TargetPlatform 'Android_ASTCClient'
[2020.06.02-04.18.08:430][  0]LogTargetPlatformManager: Display: Loaded TargetPlatform 'Android_ATCClient'
[2020.06.02-04.18.08:430][  0]LogTargetPlatformManager: Display: Loaded TargetPlatform 'Android_DXTClient'
[2020.06.02-04.18.08:430][  0]LogTargetPlatformManager: Display: Loaded TargetPlatform 'Android_ETC1Client'
[2020.06.02-04.18.08:430][  0]LogTargetPlatformManager: Display: Loaded TargetPlatform 'Android_ETC1aClient'
[2020.06.02-04.18.08:430][  0]LogTargetPlatformManager: Display: Loaded TargetPlatform 'Android_ETC2Client'
[2020.06.02-04.18.08:430][  0]LogTargetPlatformManager: Display: Loaded TargetPlatform 'Android_PVRTCClient'
[2020.06.02-04.18.08:430][  0]LogTargetPlatformManager: Display: Loaded TargetPlatform 'Android_Multi'
[2020.06.02-04.18.08:430][  0]LogTargetPlatformManager: Display: Loaded TargetPlatform 'Android_MultiClient'
[2020.06.02-04.18.08:449][  0]LogTargetPlatformManager: Display: Loaded TargetPlatform 'IOSClient'
[2020.06.02-04.18.08:449][  0]LogTargetPlatformManager: Display: Loaded TargetPlatform 'IOS'
[2020.06.02-04.18.08:455][  0]LogTargetPlatformManager: Display: Loaded TargetPlatform 'LinuxNoEditor'
[2020.06.02-04.18.08:462][  0]LogTargetPlatformManager: Display: Loaded TargetPlatform 'LinuxClient'
[2020.06.02-04.18.08:469][  0]LogTargetPlatformManager: Display: Loaded TargetPlatform 'LinuxServer'
[2020.06.02-04.18.08:476][  0]LogTargetPlatformManager: Display: Loaded TargetPlatform 'LinuxAArch64NoEditor'
[2020.06.02-04.18.08:482][  0]LogTargetPlatformManager: Display: Loaded TargetPlatform 'LinuxAArch64Client'
[2020.06.02-04.18.08:490][  0]LogTargetPlatformManager: Display: Loaded TargetPlatform 'LinuxAArch64Server'
[2020.06.02-04.18.08:514][  0]LogTargetPlatformManager: Display: Loaded TargetPlatform 'Lumin'
[2020.06.02-04.18.08:514][  0]LogTargetPlatformManager: Display: Loaded TargetPlatform 'LuminClient'
[2020.06.02-04.18.08:525][  0]LogTargetPlatformManager: Display: Loaded TargetPlatform 'TVOSClient'
[2020.06.02-04.18.08:525][  0]LogTargetPlatformManager: Display: Loaded TargetPlatform 'TVOS'
[2020.06.02-04.18.08:532][  0]LogTargetPlatformManager: Display: Loaded TargetPlatform 'WindowsNoEditor'
[2020.06.02-04.18.08:540][  0]LogTargetPlatformManager: Display: Loaded TargetPlatform 'Windows'
[2020.06.02-04.18.08:545][  0]LogTargetPlatformManager: Display: Loaded TargetPlatform 'WindowsClient'
[2020.06.02-04.18.08:552][  0]LogTargetPlatformManager: Display: Loaded TargetPlatform 'WindowsServer'
[2020.06.02-04.18.08:552][  0]LogTargetPlatformManager: Display: Building Assets For Windows
[2020.06.02-04.18.08:556][  0]LogAudioDebug: Display: Lib vorbis DLL was dynamically loaded.
[2020.06.02-04.18.08:579][  0]LogShaderCompilers: Guid format shader working directory is 5 characters bigger than the processId version (E:/UNREAL TRIALS/MegamanRepo2/MegaClone_2/MegaClone2/Intermediate/Shaders/WorkingDirectory/8352/).
[2020.06.02-04.18.08:579][  0]LogShaderCompilers: Cleaned the shader compiler working directory 'C:/Users/Ian Michael Jesu/AppData/Local/Temp/UnrealShaderWorkingDir/61806CA346949AEF3EEB829AB96590D0/'.
[2020.06.02-04.18.08:580][  0]LogXGEController: Cannot use XGE Controller as Incredibuild is not installed on this machine.
[2020.06.02-04.18.08:580][  0]LogShaderCompilers: Cannot use XGE Shader Compiler as Incredibuild is not installed on this machine.
[2020.06.02-04.18.08:580][  0]LogShaderCompilers: Display: Using Local Shader Compiler.
[2020.06.02-04.18.09:282][  0]LogDerivedDataCache: Display: Max Cache Size: 512 MB
[2020.06.02-04.18.09:363][  0]LogDerivedDataCache: Loaded boot cache 0.08s 115MB C:/Users/Ian Michael Jesu/AppData/Local/UnrealEngine/4.24/DerivedDataCache/Boot.ddc.
[2020.06.02-04.18.09:363][  0]LogDerivedDataCache: Display: Loaded Boot cache: C:/Users/Ian Michael Jesu/AppData/Local/UnrealEngine/4.24/DerivedDataCache/Boot.ddc
[2020.06.02-04.18.09:363][  0]LogDerivedDataCache: FDerivedDataBackendGraph:  Pak pak cache file E:/UNREAL TRIALS/MegamanRepo2/MegaClone_2/MegaClone2/DerivedDataCache/DDC.ddp not found, will not use a pak cache.
[2020.06.02-04.18.09:363][  0]LogDerivedDataCache: Unable to find inner node Pak for hierarchical cache Hierarchy.
[2020.06.02-04.18.09:363][  0]LogDerivedDataCache: FDerivedDataBackendGraph:  CompressedPak pak cache file E:/UNREAL TRIALS/MegamanRepo2/MegaClone_2/MegaClone2/DerivedDataCache/Compressed.ddp not found, will not use a pak cache.
[2020.06.02-04.18.09:363][  0]LogDerivedDataCache: Unable to find inner node CompressedPak for hierarchical cache Hierarchy.
[2020.06.02-04.18.09:372][  0]LogDerivedDataCache: Display: Pak cache opened for reading ../../../Engine/DerivedDataCache/Compressed.ddp.
[2020.06.02-04.18.09:372][  0]LogDerivedDataCache: FDerivedDataBackendGraph:  EnterprisePak pak cache file ../../../Enterprise/DerivedDataCache/Compressed.ddp not found, will not use a pak cache.
[2020.06.02-04.18.09:372][  0]LogDerivedDataCache: Unable to find inner node EnterprisePak for hierarchical cache Hierarchy.
[2020.06.02-04.18.09:373][  0]LogDerivedDataCache: Using Local data cache path C:/Users/Ian Michael Jesu/AppData/Local/UnrealEngine/Common/DerivedDataCache: Writable
[2020.06.02-04.18.09:373][  0]LogDerivedDataCache: Shared data cache path not found in *engine.ini, will not use an Shared cache.
[2020.06.02-04.18.09:373][  0]LogDerivedDataCache: Unable to find inner node Shared for hierarchical cache Hierarchy.
[2020.06.02-04.18.09:401][  0]LogMaterial: Verifying Global Shaders for PCD3D_SM5
[2020.06.02-04.18.09:404][  0]LogSlate: Using FreeType 2.10.0
[2020.06.02-04.18.09:404][  0]LogSlate: SlateFontServices - WITH_FREETYPE: 1, WITH_HARFBUZZ: 1
[2020.06.02-04.18.09:456][  0]LogAssetRegistry: FAssetRegistry took 0.0022 seconds to start up
[2020.06.02-04.18.09:704][  0]LogInit: Selected Device Profile: [Windows]
[2020.06.02-04.18.09:845][  0]LogMeshReduction: Using QuadricMeshReduction for automatic static mesh reduction
[2020.06.02-04.18.09:845][  0]LogMeshReduction: Using SimplygonMeshReduction for automatic skeletal mesh reduction
[2020.06.02-04.18.09:845][  0]LogMeshReduction: Using ProxyLODMeshReduction for automatic mesh merging
[2020.06.02-04.18.09:845][  0]LogMeshReduction: No distributed automatic mesh merging module available
[2020.06.02-04.18.09:845][  0]LogMeshMerging: No distributed automatic mesh merging module available
[2020.06.02-04.18.09:891][  0]LogNetVersion: MegaClone2 1.0.0, NetCL: 10570792, EngineNetVer: 13, GameNetVer: 0 (Checksum: 2722250314)
[2020.06.02-04.18.10:825][  0]LogPackageLocalizationCache: Processed 8 localized package path(s) for 1 prioritized culture(s) in 0.023815 seconds
[2020.06.02-04.18.10:830][  0]LogUObjectArray: 46098 objects as part of root set at end of initial load.
[2020.06.02-04.18.10:830][  0]LogUObjectAllocator: 8030680 out of 0 bytes used by permanent object pool.
[2020.06.02-04.18.10:830][  0]LogUObjectArray: CloseDisregardForGC: 0/0 objects in disregard for GC pool
[2020.06.02-04.18.10:928][  0]LogD3D12RHI: Creating RTPSO with 3 shaders (0 cached, 3 new) took 28.19 ms. Compile time 18.70 ms, link time 9.28 ms.
[2020.06.02-04.18.10:942][  0]LogD3D12RHI: Creating RTPSO with 3 shaders (1 cached, 2 new) took 13.57 ms. Compile time 12.27 ms, link time 1.27 ms.
[2020.06.02-04.18.11:244][  0]LogTcpMessaging: Initializing TcpMessaging bridge
[2020.06.02-04.18.11:246][  0]LogUdpMessaging: Initializing bridge on interface 0.0.0.0:0 to multicast group 230.0.0.1:6666.
[2020.06.02-04.18.11:288][  0]SourceControl: Source control is disabled
[2020.06.02-04.18.11:288][  0]SourceControl: Source control is disabled
[2020.06.02-04.18.11:289][  0]SourceControl: Source control is disabled
[2020.06.02-04.18.11:290][  0]SourceControl: Source control is disabled
[2020.06.02-04.18.11:291][  0]SourceControl: Source control is disabled
[2020.06.02-04.18.11:363][  0]LogAndroidPermission: UAndroidPermissionCallbackProxy::GetInstance
[2020.06.02-04.18.11:374][  0]LogAudioCaptureCore: Display: No Audio Capture implementations found. Audio input will be silent.
[2020.06.02-04.18.11:374][  0]LogAudioCaptureCore: Display: No Audio Capture implementations found. Audio input will be silent.
[2020.06.02-04.18.11:461][  0]LogEngine: Initializing Engine...
[2020.06.02-04.18.11:462][  0]LogStats: UGameplayTagsManager::InitializeManager -  0.000 s
[2020.06.02-04.18.11:761][  0]LogInit: Initializing FReadOnlyCVARCache
[2020.06.02-04.18.11:770][  0]LogAIModule: Creating AISystem for world Untitled
[2020.06.02-04.18.11:771][  0]LogAudioMixer: Display: Audio Mixer Platform Settings:
[2020.06.02-04.18.11:771][  0]LogAudioMixer: Display: 	Sample Rate:						  48000
[2020.06.02-04.18.11:771][  0]LogAudioMixer: Display: 	Callback Buffer Frame Size Requested: 1024
[2020.06.02-04.18.11:771][  0]LogAudioMixer: Display: 	Callback Buffer Frame Size To Use:	  1024
[2020.06.02-04.18.11:771][  0]LogAudioMixer: Display: 	Number of buffers to queue:			  2
[2020.06.02-04.18.11:772][  0]LogAudioMixer: Display: 	Max Channels (voices):				  32
[2020.06.02-04.18.11:772][  0]LogAudioMixer: Display: 	Number of Async Source Workers:		  0
[2020.06.02-04.18.11:772][  0]LogAudio: Display: AudioDevice MaxSources: 32
[2020.06.02-04.18.11:772][  0]LogAudio: Display: Using built-in audio occlusion.
[2020.06.02-04.18.11:772][  0]LogAudioMixer: Display: Initializing audio mixer.
[2020.06.02-04.18.11:850][  0]LogAudioMixer: Display: Audio Device Output Speaker Info:
[2020.06.02-04.18.11:850][  0]LogAudioMixer: Display: Name: Headset Earphone (2- ASTRO Wireless Transmitter )
[2020.06.02-04.18.11:850][  0]LogAudioMixer: Display: Is Default: Yes
[2020.06.02-04.18.11:850][  0]LogAudioMixer: Display: Sample Rate: 48000
[2020.06.02-04.18.11:850][  0]LogAudioMixer: Display: Channel Count Used: 2
[2020.06.02-04.18.11:850][  0]LogAudioMixer: Display: Device Channel Count: 2
[2020.06.02-04.18.11:850][  0]LogAudioMixer: Display: Channel Order:
[2020.06.02-04.18.11:850][  0]LogAudioMixer: Display: 0: FrontLeft
[2020.06.02-04.18.11:850][  0]LogAudioMixer: Display: 1: FrontRight
[2020.06.02-04.18.11:868][  0]LogAudioMixer: Display: Using Audio Device Headset Earphone (2- ASTRO Wireless Transmitter )
[2020.06.02-04.18.11:874][  0]LogInit: FAudioDevice initialized.
[2020.06.02-04.18.11:874][  0]LogNetVersion: Set ProjectVersion to 1.0.0.0. Version Checksum will be recalculated on next use.
[2020.06.02-04.18.11:966][  0]LogDerivedDataCache: Saved boot cache 0.09s 111MB C:/Users/Ian Michael Jesu/AppData/Local/UnrealEngine/4.24/DerivedDataCache/Boot.ddc.
[2020.06.02-04.18.11:976][  0]LogInit: Texture streaming: Enabled
[2020.06.02-04.18.11:986][  0]LogEngineSessionManager: EngineSessionManager initialized
[2020.06.02-04.18.11:986][  0]LogEditorSessionSummary: Verbose: Initializing EditorSessionSummaryWriter for editor session tracking
[2020.06.02-04.18.11:988][  0]LogEditorSessionSummary: EditorSessionSummaryWriter initialized
[2020.06.02-04.18.12:037][  0]LogInit: Transaction tracking system initialized
[2020.06.02-04.18.12:046][  0]BlueprintLog: New page: Editor Load
[2020.06.02-04.18.12:076][  0]LocalizationService: Localization service is disabled
[2020.06.02-04.18.12:115][  0]LogLinker: Warning: Failed to load '/Game/ThirdPersonBP/ThirdPersonOverview': Can't find file.
[2020.06.02-04.18.12:115][  0]LogLinker: Warning: Failed to load '/Game/ThirdPersonBP/ThirdPersonOverview': Can't find file.
[2020.06.02-04.18.12:115][  0]LogUObjectGlobals: Warning: Failed to find object 'Class /Game/ThirdPersonBP/ThirdPersonOverview.ThirdPersonOverview_C'
[2020.06.02-04.18.12:328][  0]LogFileCache: Scanning file cache for directory 'E:/UNREAL TRIALS/MegamanRepo2/MegaClone_2/MegaClone2/Content/' took 0.00s
[2020.06.02-04.18.12:328][  0]LogCook: Display: Max memory allowance for cook 16384mb min free memory 0mb
[2020.06.02-04.18.12:328][  0]LogCook: Display: Mobile HDR setting 1
[2020.06.02-04.18.12:423][  0]SourceControl: Source control is disabled
[2020.06.02-04.18.12:423][  0]Cmd: MAP LOAD FILE="E:/UNREAL TRIALS/MegamanRepo2/MegaClone_2/MegaClone2/Content/StarterContent/Maps/Minimal_Default.umap" TEMPLATE=0 SHOWPROGRESS=1 FEATURELEVEL=3
[2020.06.02-04.18.12:424][  0]LightingResults: New page: Lighting Build
[2020.06.02-04.18.12:424][  0]LogWorld: UWorld::CleanupWorld for Untitled, bSessionEnded=true, bCleanupResources=true
[2020.06.02-04.18.12:424][  0]LogSlate: InvalidateAllWidgets triggered.  All widgets were invalidated
[2020.06.02-04.18.12:424][  0]MapCheck: New page: Map Check
[2020.06.02-04.18.12:424][  0]LightingResults: New page: Lighting Build
[2020.06.02-04.18.12:448][  0]LogUObjectHash: Compacting FUObjectHashTables data took   1.55ms
[2020.06.02-04.18.12:649][  0]LogAIModule: Creating AISystem for world Minimal_Default
[2020.06.02-04.18.12:680][  0]LogEditorServer: Finished looking for orphan Actors (0.000 secs)
[2020.06.02-04.18.12:707][  0]LogUObjectHash: Compacting FUObjectHashTables data took   2.02ms
[2020.06.02-04.18.12:707][  0]Cmd: MAP CHECKDEP NOCLEARLOG
[2020.06.02-04.18.12:707][  0]MapCheck: Map check complete: 0 Error(s), 0 Warning(s), took 0.082ms to complete.
[2020.06.02-04.18.12:707][  0]LogFileHelpers: Loading map 'Minimal_Default' took 0.283
[2020.06.02-04.18.12:859][  0]LogSlate: Updating window title bar state: overlay mode, drag disabled, window buttons hidden, title bar hidden
[2020.06.02-04.18.12:865][  0]LogSlate: Updating window title bar state: overlay mode, drag disabled, window buttons hidden, title bar hidden
[2020.06.02-04.18.12:871][  0]LogSlate: Updating window title bar state: overlay mode, drag disabled, window buttons hidden, title bar hidden
[2020.06.02-04.18.12:877][  0]LogSlate: Updating window title bar state: overlay mode, drag disabled, window buttons hidden, title bar hidden
[2020.06.02-04.18.12:881][  0]LogCollectionManager: Loaded 0 collections in 0.000825 seconds
[2020.06.02-04.18.12:891][  0]LogFileCache: Scanning file cache for directory 'E:/UNREAL TRIALS/MegamanRepo2/MegaClone_2/MegaClone2/Saved/Collections/' took 0.00s
[2020.06.02-04.18.12:891][  0]LogFileCache: Scanning file cache for directory 'E:/UNREAL TRIALS/MegamanRepo2/MegaClone_2/MegaClone2/Content/Developers/IanMichaelJesu/Collections/' took 0.00s
[2020.06.02-04.18.12:891][  0]LogFileCache: Scanning file cache for directory 'E:/UNREAL TRIALS/MegamanRepo2/MegaClone_2/MegaClone2/Content/Collections/' took 0.00s
[2020.06.02-04.18.12:891][  0]LogContentBrowser: Native class hierarchy populated in 0.0070 seconds. Added 2997 classes and 701 folders.
[2020.06.02-04.18.12:894][  0]LogContentBrowser: Native class hierarchy updated for 'WidgetCarousel' in 0.0002 seconds. Added 0 classes and 0 folders.
[2020.06.02-04.18.12:955][  0]LogContentBrowser: Native class hierarchy updated for 'AddContentDialog' in 0.0002 seconds. Added 0 classes and 0 folders.
[2020.06.02-04.18.12:960][  0]LogContentBrowser: Native class hierarchy updated for 'SceneOutliner' in 0.0002 seconds. Added 2 classes and 3 folders.
[2020.06.02-04.18.13:910][  0]LogSlate: Took 0.000258 seconds to synchronously load lazily loaded font '../../../Engine/Content/Slate/Fonts/Roboto-Regular.ttf' (155K)
[2020.06.02-04.18.13:911][  0]LogSlate: Took 0.000172 seconds to synchronously load lazily loaded font '../../../Engine/Content/Slate/Fonts/Roboto-Bold.ttf' (160K)
[2020.06.02-04.18.13:915][  0]LogSlate: Took 0.000165 seconds to synchronously load lazily loaded font '../../../Engine/Content/Editor/Slate/Fonts/FontAwesome.ttf' (139K)
[2020.06.02-04.18.14:011][  0]LogRenderer: Reallocating scene render targets to support 1324x596 Format 10 NumSamples 1 (Frame:1).
[2020.06.02-04.18.17:212][  0]LogD3D12RHI: Creating RTPSO with 89 shaders (0 cached, 89 new) took 3104.28 ms. Compile time 3094.07 ms, link time 10.07 ms.
[2020.06.02-04.18.17:413][  0]LogD3D12RHI: Creating RTPSO with 3 shaders (0 cached, 3 new) took 62.86 ms. Compile time 55.48 ms, link time 7.37 ms.
[2020.06.02-04.18.17:712][  0]LogContentBrowser: Native class hierarchy updated for 'HierarchicalLODOutliner' in 0.0002 seconds. Added 0 classes and 0 folders.
[2020.06.02-04.18.17:712][  0]LogLoad: (Engine Initialization) Total time: 12.34 seconds
[2020.06.02-04.18.17:712][  0]LogLoad: (Engine Initialization) Total Blueprint compile time: 0.00 seconds
[2020.06.02-04.18.17:767][  0]LogAssetRegistry: Asset discovery search completed in 8.3117 seconds
[2020.06.02-04.18.17:772][  0]LogCollectionManager: Fixed up redirectors for 0 collections in 0.000008 seconds (updated 0 objects)
[2020.06.02-04.18.17:773][  0]LogContentStreaming: Texture pool size now 1000 MB
[2020.06.02-04.18.17:805][  1]LogD3D12RHI: Creating RTPSO with 93 shaders (89 cached, 4 new) took 40.11 ms. Compile time 36.89 ms, link time 3.09 ms.
[2020.06.02-04.18.17:915][  3]LogD3D12RHI: Creating RTPSO with 95 shaders (93 cached, 2 new) took 54.31 ms. Compile time 50.47 ms, link time 3.62 ms.
[2020.06.02-04.18.17:948][  3]LogD3D12RHI: Creating RTPSO with 96 shaders (95 cached, 1 new) took 32.44 ms. Compile time 29.06 ms, link time 3.24 ms.
[2020.06.02-04.18.19:462][146]LogSlate: Took 0.000147 seconds to synchronously load lazily loaded font '../../../Engine/Content/Slate/Fonts/Roboto-Light.ttf' (167K)
[2020.06.02-04.18.27:937][ 13]LogLinker: Warning: Failed to load '/Game/Blueprints/BP_GameMode': Can't find file.
[2020.06.02-04.18.27:937][ 13]LogLinker: Warning: Failed to load '/Game/Blueprints/BP_GameMode': Can't find file.
[2020.06.02-04.18.27:937][ 13]LogUObjectGlobals: Warning: Failed to find object 'Class /Game/Blueprints/BP_GameMode.BP_GameMode_C'
[2020.06.02-04.18.30:958][368]LogSlate: Took 0.000144 seconds to synchronously load lazily loaded font '../../../Engine/Content/Slate/Fonts/Roboto-Light.ttf' (167K)
[2020.06.02-04.19.20:806][ 61]LogSlate: Window 'Pick Parent Class' being destroyed
[2020.06.02-04.19.29:336][779]LogSlate: Window 'Pick Parent Class' being destroyed
[2020.06.02-04.19.36:416][318]LogSlate: Window 'Pick Parent Class' being destroyed
[2020.06.02-04.19.50:742][852]LogSlate: Prevented a slow task dialog from being summoned while a context menu was open
[2020.06.02-04.19.55:483][412]LogSlate: Prevented a slow task dialog from being summoned while a context menu was open
[2020.06.02-04.19.55:551][415]LogD3D12RHI: Creating RTPSO with 97 shaders (96 cached, 1 new) took 35.41 ms. Compile time 32.25 ms, link time 3.03 ms.
[2020.06.02-04.19.56:693][549]LogSlate: Prevented a slow task dialog from being summoned while a context menu was open
[2020.06.02-04.19.59:631][873]LogTemp: Repeating last play command: Selected Viewport
[2020.06.02-04.19.59:643][873]LogBlueprintUserMessages: Early PlayInEditor Detection: Level '/Game/StarterContent/Maps/Minimal_Default.Minimal_Default:PersistentLevel' has LevelScriptBlueprint '/Game/StarterContent/Maps/Minimal_Default.Minimal_Default:PersistentLevel.Minimal_Default' with GeneratedClass '/Game/StarterContent/Maps/Minimal_Default.Minimal_Default_C' with ClassGeneratedBy '/Game/StarterContent/Maps/Minimal_Default.Minimal_Default:PersistentLevel.Minimal_Default'
[2020.06.02-04.19.59:643][873]LogPlayLevel: PlayLevel: No blueprints needed recompiling
[2020.06.02-04.19.59:643][873]PIE: New page: PIE session: Minimal_Default (Jun 1, 2020, 2:19:59 PM)
[2020.06.02-04.19.59:644][873]LogOnline: OSS: Creating online subsystem instance for: NULL
[2020.06.02-04.19.59:645][873]LogOnline: OSS: TryLoadSubsystemAndSetDefault: Loaded subsystem for module [NULL]
[2020.06.02-04.19.59:645][873]LogPlayLevel: Creating play world package: /Game/StarterContent/Maps/UEDPIE_0_Minimal_Default
[2020.06.02-04.19.59:648][873]LogPlayLevel: PIE: StaticDuplicateObject took: (0.002605s)
[2020.06.02-04.19.59:649][873]LogAIModule: Creating AISystem for world Minimal_Default
[2020.06.02-04.19.59:649][873]LogPlayLevel: PIE: World Init took: (0.000838s)
[2020.06.02-04.19.59:649][873]LogPlayLevel: PIE: Created PIE world by copying editor world from /Game/StarterContent/Maps/Minimal_Default.Minimal_Default to /Game/StarterContent/Maps/UEDPIE_0_Minimal_Default.Minimal_Default (0.003600s)
[2020.06.02-04.19.59:676][873]LogUObjectHash: Compacting FUObjectHashTables data took   2.01ms
[2020.06.02-04.19.59:678][873]LogAudioMixer: Display: Audio Mixer Platform Settings:
[2020.06.02-04.19.59:678][873]LogAudioMixer: Display: 	Sample Rate:						  48000
[2020.06.02-04.19.59:678][873]LogAudioMixer: Display: 	Callback Buffer Frame Size Requested: 1024
[2020.06.02-04.19.59:678][873]LogAudioMixer: Display: 	Callback Buffer Frame Size To Use:	  1024
[2020.06.02-04.19.59:678][873]LogAudioMixer: Display: 	Number of buffers to queue:			  2
[2020.06.02-04.19.59:678][873]LogAudioMixer: Display: 	Max Channels (voices):				  32
[2020.06.02-04.19.59:678][873]LogAudioMixer: Display: 	Number of Async Source Workers:		  0
[2020.06.02-04.19.59:678][873]LogAudio: Display: AudioDevice MaxSources: 32
[2020.06.02-04.19.59:678][873]LogAudio: Display: Using built-in audio occlusion.
[2020.06.02-04.19.59:678][873]LogAudioMixer: Display: Initializing audio mixer.
[2020.06.02-04.19.59:747][873]LogAudioMixer: Display: Audio Device Output Speaker Info:
[2020.06.02-04.19.59:747][873]LogAudioMixer: Display: Name: Headset Earphone (2- ASTRO Wireless Transmitter )
[2020.06.02-04.19.59:747][873]LogAudioMixer: Display: Is Default: Yes
[2020.06.02-04.19.59:747][873]LogAudioMixer: Display: Sample Rate: 48000
[2020.06.02-04.19.59:747][873]LogAudioMixer: Display: Channel Count Used: 2
[2020.06.02-04.19.59:747][873]LogAudioMixer: Display: Device Channel Count: 2
[2020.06.02-04.19.59:747][873]LogAudioMixer: Display: Channel Order:
[2020.06.02-04.19.59:747][873]LogAudioMixer: Display: 0: FrontLeft
[2020.06.02-04.19.59:747][873]LogAudioMixer: Display: 1: FrontRight
[2020.06.02-04.19.59:766][873]LogAudioMixer: Display: Using Audio Device Headset Earphone (2- ASTRO Wireless Transmitter )
[2020.06.02-04.19.59:768][873]LogInit: FAudioDevice initialized.
[2020.06.02-04.19.59:776][873]LogLoad: Game class is 'BP_GameMode_C'
[2020.06.02-04.19.59:777][873]LogWorld: Bringing World /Game/StarterContent/Maps/UEDPIE_0_Minimal_Default.Minimal_Default up for play (max tick rate 0) at 2020.06.01-21.19.59
[2020.06.02-04.19.59:777][873]LogWorld: Bringing up level for play took: 0.000553
[2020.06.02-04.19.59:777][873]LogOnline: OSS: Creating online subsystem instance for: :Context_3
[2020.06.02-04.19.59:780][873]LogContentBrowser: Native class hierarchy updated for 'MovieSceneCapture' in 0.0002 seconds. Added 20 classes and 0 folders.
[2020.06.02-04.19.59:802][873]PIE: Play in editor start time for /Game/StarterContent/Maps/UEDPIE_0_Minimal_Default 0.17
[2020.06.02-04.19.59:802][873]LogBlueprintUserMessages: Late PlayInEditor Detection: Level '/Game/StarterContent/Maps/Minimal_Default.Minimal_Default:PersistentLevel' has LevelScriptBlueprint '/Game/StarterContent/Maps/Minimal_Default.Minimal_Default:PersistentLevel.Minimal_Default' with GeneratedClass '/Game/StarterContent/Maps/Minimal_Default.Minimal_Default_C' with ClassGeneratedBy '/Game/StarterContent/Maps/Minimal_Default.Minimal_Default:PersistentLevel.Minimal_Default'
[2020.06.02-04.19.59:850][873]LogD3D12RHI: Creating RTPSO with 98 shaders (97 cached, 1 new) took 44.45 ms. Compile time 40.72 ms, link time 3.60 ms.
[2020.06.02-04.20.02:457][173]LogAudioMixer: Display: No commands were queued while flushing the source manager.
[2020.06.02-04.20.02:474][173]LogAudioMixer: Display: Flush succeeded in the source manager command queue (1).
[2020.06.02-04.20.02:504][173]LogAudioMixer: Display: Flush succeeded the source manager command queue (2).
[2020.06.02-04.20.02:504][173]LogBlueprintUserMessages: Early EndPlayMap Detection: Level '/Game/StarterContent/Maps/Minimal_Default.Minimal_Default:PersistentLevel' has LevelScriptBlueprint '/Game/StarterContent/Maps/Minimal_Default.Minimal_Default:PersistentLevel.Minimal_Default' with GeneratedClass '/Game/StarterContent/Maps/Minimal_Default.Minimal_Default_C' with ClassGeneratedBy '/Game/StarterContent/Maps/Minimal_Default.Minimal_Default:PersistentLevel.Minimal_Default'
[2020.06.02-04.20.02:504][173]LogSlate: Updating window title bar state: overlay mode, drag disabled, window buttons hidden, title bar hidden
[2020.06.02-04.20.02:504][173]LogWorld: BeginTearingDown for /Game/StarterContent/Maps/UEDPIE_0_Minimal_Default
[2020.06.02-04.20.02:504][173]LogAudioMixer: Display: No commands were queued while flushing the source manager.
[2020.06.02-04.20.02:504][173]LogWorld: UWorld::CleanupWorld for Minimal_Default, bSessionEnded=true, bCleanupResources=true
[2020.06.02-04.20.02:504][173]LogSlate: InvalidateAllWidgets triggered.  All widgets were invalidated
[2020.06.02-04.20.02:510][173]LogPlayLevel: Display: Shutting down PIE online subsystems
[2020.06.02-04.20.02:510][173]LogBlueprintUserMessages: Late EndPlayMap Detection: Level '/Game/StarterContent/Maps/Minimal_Default.Minimal_Default:PersistentLevel' has LevelScriptBlueprint '/Game/StarterContent/Maps/Minimal_Default.Minimal_Default:PersistentLevel.Minimal_Default' with GeneratedClass '/Game/StarterContent/Maps/Minimal_Default.Minimal_Default_C' with ClassGeneratedBy '/Game/StarterContent/Maps/Minimal_Default.Minimal_Default:PersistentLevel.Minimal_Default'
[2020.06.02-04.20.02:513][173]LogSlate: InvalidateAllWidgets triggered.  All widgets were invalidated
[2020.06.02-04.20.02:534][173]LogAudioMixer: Display: No commands were queued while flushing the source manager.
[2020.06.02-04.20.02:537][173]LogSlate: Updating window title bar state: overlay mode, drag disabled, window buttons hidden, title bar hidden
[2020.06.02-04.20.02:539][173]LogUObjectHash: Compacting FUObjectHashTables data took   1.34ms
[2020.06.02-04.20.02:556][175]LogPlayLevel: Display: Destroying online subsystem :Context_3
[2020.06.02-04.20.10:643][  2]LogSlate: Window 'New Level' being destroyed
[2020.06.02-04.20.10:649][  2]Cmd: MAP LOAD FILE="../../../Engine/Content/Maps/Templates/Template_Default.umap" TEMPLATE=1 SHOWPROGRESS=1 FEATURELEVEL=3
[2020.06.02-04.20.10:665][  2]LightingResults: New page: Lighting Build
[2020.06.02-04.20.10:666][  2]LoadErrors: New page: Loading map: Template_Default.umap
[2020.06.02-04.20.10:667][  2]LogWorld: UWorld::CleanupWorld for Minimal_Default, bSessionEnded=true, bCleanupResources=true
[2020.06.02-04.20.10:667][  2]LogSlate: InvalidateAllWidgets triggered.  All widgets were invalidated
[2020.06.02-04.20.10:667][  2]MapCheck: New page: Map Check
[2020.06.02-04.20.10:667][  2]LightingResults: New page: Lighting Build
[2020.06.02-04.20.10:695][  2]LogUObjectHash: Compacting FUObjectHashTables data took   1.62ms
[2020.06.02-04.20.10:705][  2]LogAIModule: Creating AISystem for world Untitled_1
[2020.06.02-04.20.10:758][  2]LogEditorServer: Finished looking for orphan Actors (0.000 secs)
[2020.06.02-04.20.10:787][  2]LogUObjectHash: Compacting FUObjectHashTables data took   1.31ms
[2020.06.02-04.20.10:795][  2]Cmd: MAP CHECKDEP NOCLEARLOG
[2020.06.02-04.20.10:795][  2]MapCheck: Map check complete: 0 Error(s), 0 Warning(s), took 0.101ms to complete.
[2020.06.02-04.20.10:795][  2]LogFileHelpers: Loading map 'Template_Default' took 0.148
[2020.06.02-04.20.10:851][  3]LogD3D12RHI: Creating RTPSO with 99 shaders (98 cached, 1 new) took 45.27 ms. Compile time 41.94 ms, link time 3.18 ms.
[2020.06.02-04.20.16:905][695]LogD3D12RHI: Creating RTPSO with 100 shaders (99 cached, 1 new) took 47.85 ms. Compile time 43.09 ms, link time 4.57 ms.
[2020.06.02-04.20.17:995][807]LogEditorViewport: Clicking on Actor (context menu): CameraActor (CameraActor)
[2020.06.02-04.20.20:112][ 17]LogSlate: Took 0.000291 seconds to synchronously load lazily loaded font '../../../Engine/Content/Slate/Fonts/Roboto-BoldCondensed.ttf' (158K)
[2020.06.02-04.20.26:103][705]LogTemp: Repeating last play command: Selected Viewport
[2020.06.02-04.20.26:115][705]LogPlayLevel: PlayLevel: No blueprints needed recompiling
[2020.06.02-04.20.26:115][705]PIE: New page: PIE session: Untitled_1 (Jun 1, 2020, 2:20:26 PM)
[2020.06.02-04.20.26:115][705]LogPlayLevel: Creating play world package: /Temp/UEDPIE_0_Untitled_1
[2020.06.02-04.20.26:117][705]LogPlayLevel: PIE: StaticDuplicateObject took: (0.001758s)
[2020.06.02-04.20.26:118][705]LogAIModule: Creating AISystem for world Untitled_1
[2020.06.02-04.20.26:118][705]LogPlayLevel: PIE: World Init took: (0.000767s)
[2020.06.02-04.20.26:118][705]LogPlayLevel: PIE: Created PIE world by copying editor world from /Temp/Untitled_1.Untitled_1 to /Temp/UEDPIE_0_Untitled_1.Untitled_1 (0.002656s)
[2020.06.02-04.20.26:145][705]LogUObjectHash: Compacting FUObjectHashTables data took   1.82ms
[2020.06.02-04.20.26:146][705]LogAudioMixer: Display: Audio Mixer Platform Settings:
[2020.06.02-04.20.26:146][705]LogAudioMixer: Display: 	Sample Rate:						  48000
[2020.06.02-04.20.26:146][705]LogAudioMixer: Display: 	Callback Buffer Frame Size Requested: 1024
[2020.06.02-04.20.26:146][705]LogAudioMixer: Display: 	Callback Buffer Frame Size To Use:	  1024
[2020.06.02-04.20.26:146][705]LogAudioMixer: Display: 	Number of buffers to queue:			  2
[2020.06.02-04.20.26:146][705]LogAudioMixer: Display: 	Max Channels (voices):				  32
[2020.06.02-04.20.26:146][705]LogAudioMixer: Display: 	Number of Async Source Workers:		  0
[2020.06.02-04.20.26:146][705]LogAudio: Display: AudioDevice MaxSources: 32
[2020.06.02-04.20.26:147][705]LogAudio: Display: Using built-in audio occlusion.
[2020.06.02-04.20.26:147][705]LogAudioMixer: Display: Initializing audio mixer.
[2020.06.02-04.20.26:207][705]LogAudioMixer: Display: Audio Device Output Speaker Info:
[2020.06.02-04.20.26:207][705]LogAudioMixer: Display: Name: Headset Earphone (2- ASTRO Wireless Transmitter )
[2020.06.02-04.20.26:207][705]LogAudioMixer: Display: Is Default: Yes
[2020.06.02-04.20.26:207][705]LogAudioMixer: Display: Sample Rate: 48000
[2020.06.02-04.20.26:207][705]LogAudioMixer: Display: Channel Count Used: 2
[2020.06.02-04.20.26:207][705]LogAudioMixer: Display: Device Channel Count: 2
[2020.06.02-04.20.26:207][705]LogAudioMixer: Display: Channel Order:
[2020.06.02-04.20.26:207][705]LogAudioMixer: Display: 0: FrontLeft
[2020.06.02-04.20.26:207][705]LogAudioMixer: Display: 1: FrontRight
[2020.06.02-04.20.26:219][705]LogAudioMixer: Display: Using Audio Device Headset Earphone (2- ASTRO Wireless Transmitter )
[2020.06.02-04.20.26:220][705]LogInit: FAudioDevice initialized.
[2020.06.02-04.20.26:226][705]LogLoad: Game class is 'BP_GameMode_C'
[2020.06.02-04.20.26:227][705]LogWorld: Bringing World /Temp/UEDPIE_0_Untitled_1.Untitled_1 up for play (max tick rate 0) at 2020.06.01-21.20.26
[2020.06.02-04.20.26:227][705]LogWorld: Bringing up level for play took: 0.000393
[2020.06.02-04.20.26:227][705]LogOnline: OSS: Creating online subsystem instance for: :Context_4
[2020.06.02-04.20.26:229][705]PIE: Play in editor start time for /Temp/UEDPIE_0_Untitled_1 0.597
[2020.06.02-04.20.27:097][806]LogAudioMixer: Display: No commands were queued while flushing the source manager.
[2020.06.02-04.20.27:097][806]LogAudioMixer: Display: No commands were queued while flushing the source manager.
[2020.06.02-04.20.27:097][806]LogSlate: Updating window title bar state: overlay mode, drag disabled, window buttons hidden, title bar hidden
[2020.06.02-04.20.27:097][806]LogWorld: BeginTearingDown for /Temp/UEDPIE_0_Untitled_1
[2020.06.02-04.20.27:097][806]LogAudioMixer: Display: No commands were queued while flushing the source manager.
[2020.06.02-04.20.27:097][806]LogWorld: UWorld::CleanupWorld for Untitled_1, bSessionEnded=true, bCleanupResources=true
[2020.06.02-04.20.27:097][806]LogSlate: InvalidateAllWidgets triggered.  All widgets were invalidated
[2020.06.02-04.20.27:107][806]LogPlayLevel: Display: Shutting down PIE online subsystems
[2020.06.02-04.20.27:111][806]LogSlate: InvalidateAllWidgets triggered.  All widgets were invalidated
[2020.06.02-04.20.27:134][806]LogAudioMixer: Display: No commands were queued while flushing the source manager.
[2020.06.02-04.20.27:138][806]LogSlate: Updating window title bar state: overlay mode, drag disabled, window buttons hidden, title bar hidden
[2020.06.02-04.20.27:140][806]LogUObjectHash: Compacting FUObjectHashTables data took   1.42ms
[2020.06.02-04.20.27:199][810]LogPlayLevel: Display: Destroying online subsystem :Context_4
[2020.06.02-04.20.28:697][962]LogD3D12RHI: Creating RTPSO with 101 shaders (100 cached, 1 new) took 35.37 ms. Compile time 31.68 ms, link time 3.55 ms.
[2020.06.02-04.20.32:117][353]LogTemp: Repeating last play command: Selected Viewport
[2020.06.02-04.20.32:127][353]LogPlayLevel: PlayLevel: No blueprints needed recompiling
[2020.06.02-04.20.32:127][353]PIE: New page: PIE session: Untitled_1 (Jun 1, 2020, 2:20:32 PM)
[2020.06.02-04.20.32:127][353]LogPlayLevel: Creating play world package: /Temp/UEDPIE_0_Untitled_1
[2020.06.02-04.20.32:129][353]LogPlayLevel: PIE: StaticDuplicateObject took: (0.001963s)
[2020.06.02-04.20.32:130][353]LogAIModule: Creating AISystem for world Untitled_1
[2020.06.02-04.20.32:131][353]LogPlayLevel: PIE: World Init took: (0.001293s)
[2020.06.02-04.20.32:131][353]LogPlayLevel: PIE: Created PIE world by copying editor world from /Temp/Untitled_1.Untitled_1 to /Temp/UEDPIE_0_Untitled_1.Untitled_1 (0.003413s)
[2020.06.02-04.20.32:154][353]LogUObjectHash: Compacting FUObjectHashTables data took   1.14ms
[2020.06.02-04.20.32:155][353]LogAudioMixer: Display: Audio Mixer Platform Settings:
[2020.06.02-04.20.32:155][353]LogAudioMixer: Display: 	Sample Rate:						  48000
[2020.06.02-04.20.32:155][353]LogAudioMixer: Display: 	Callback Buffer Frame Size Requested: 1024
[2020.06.02-04.20.32:155][353]LogAudioMixer: Display: 	Callback Buffer Frame Size To Use:	  1024
[2020.06.02-04.20.32:155][353]LogAudioMixer: Display: 	Number of buffers to queue:			  2
[2020.06.02-04.20.32:155][353]LogAudioMixer: Display: 	Max Channels (voices):				  32
[2020.06.02-04.20.32:155][353]LogAudioMixer: Display: 	Number of Async Source Workers:		  0
[2020.06.02-04.20.32:155][353]LogAudio: Display: AudioDevice MaxSources: 32
[2020.06.02-04.20.32:156][353]LogAudio: Display: Using built-in audio occlusion.
[2020.06.02-04.20.32:156][353]LogAudioMixer: Display: Initializing audio mixer.
[2020.06.02-04.20.32:222][353]LogAudioMixer: Display: Audio Device Output Speaker Info:
[2020.06.02-04.20.32:222][353]LogAudioMixer: Display: Name: Headset Earphone (2- ASTRO Wireless Transmitter )
[2020.06.02-04.20.32:222][353]LogAudioMixer: Display: Is Default: Yes
[2020.06.02-04.20.32:222][353]LogAudioMixer: Display: Sample Rate: 48000
[2020.06.02-04.20.32:222][353]LogAudioMixer: Display: Channel Count Used: 2
[2020.06.02-04.20.32:222][353]LogAudioMixer: Display: Device Channel Count: 2
[2020.06.02-04.20.32:222][353]LogAudioMixer: Display: Channel Order:
[2020.06.02-04.20.32:222][353]LogAudioMixer: Display: 0: FrontLeft
[2020.06.02-04.20.32:222][353]LogAudioMixer: Display: 1: FrontRight
[2020.06.02-04.20.32:235][353]LogAudioMixer: Display: Using Audio Device Headset Earphone (2- ASTRO Wireless Transmitter )
[2020.06.02-04.20.32:236][353]LogInit: FAudioDevice initialized.
[2020.06.02-04.20.32:244][353]LogLoad: Game class is 'BP_GameMode_C'
[2020.06.02-04.20.32:246][353]LogWorld: Bringing World /Temp/UEDPIE_0_Untitled_1.Untitled_1 up for play (max tick rate 0) at 2020.06.01-21.20.32
[2020.06.02-04.20.32:246][353]LogWorld: Bringing up level for play took: 0.000448
[2020.06.02-04.20.32:246][353]LogOnline: OSS: Creating online subsystem instance for: :Context_6
[2020.06.02-04.20.32:248][353]PIE: Play in editor start time for /Temp/UEDPIE_0_Untitled_1 0.615
[2020.06.02-04.20.35:243][707]LogAudioMixer: Display: No commands were queued while flushing the source manager.
[2020.06.02-04.20.35:243][707]LogAudioMixer: Display: No commands were queued while flushing the source manager.
[2020.06.02-04.20.35:243][707]LogSlate: Updating window title bar state: overlay mode, drag disabled, window buttons hidden, title bar hidden
[2020.06.02-04.20.35:243][707]LogWorld: BeginTearingDown for /Temp/UEDPIE_0_Untitled_1
[2020.06.02-04.20.35:243][707]LogAudioMixer: Display: No commands were queued while flushing the source manager.
[2020.06.02-04.20.35:243][707]LogWorld: UWorld::CleanupWorld for Untitled_1, bSessionEnded=true, bCleanupResources=true
[2020.06.02-04.20.35:244][707]LogSlate: InvalidateAllWidgets triggered.  All widgets were invalidated
[2020.06.02-04.20.35:253][707]LogPlayLevel: Display: Shutting down PIE online subsystems
[2020.06.02-04.20.35:255][707]LogSlate: InvalidateAllWidgets triggered.  All widgets were invalidated
[2020.06.02-04.20.35:278][707]LogAudioMixer: Display: No commands were queued while flushing the source manager.
[2020.06.02-04.20.35:280][707]LogSlate: Updating window title bar state: overlay mode, drag disabled, window buttons hidden, title bar hidden
[2020.06.02-04.20.35:282][707]LogUObjectHash: Compacting FUObjectHashTables data took   1.06ms
[2020.06.02-04.20.35:347][712]LogPlayLevel: Display: Destroying online subsystem :Context_6
[2020.06.02-04.20.51:652][335]LogSlate: Window 'Save Level As' being destroyed
[2020.06.02-04.20.54:703][692]LogAIModule: Creating AISystem for world MovementTest
[2020.06.02-04.20.56:588][904]Cmd: OBJ SAVEPACKAGE PACKAGE="/Game/Levels/MovementTest_BuiltData" FILE="E:/UNREAL TRIALS/MegamanRepo2/MegaClone_2/MegaClone2/Content/Levels/MovementTest_BuiltData.uasset" SILENT=true
[2020.06.02-04.20.56:600][904]LogSavePackage: Moving 'E:/UNREAL TRIALS/MegamanRepo2/MegaClone_2/MegaClone2/Saved/MovementTest_BuiltData76365F004304FAA38BE63CB86D99B3D7.tmp' to 'E:/UNREAL TRIALS/MegamanRepo2/MegaClone_2/MegaClone2/Content/Levels/MovementTest_BuiltData.uasset'
[2020.06.02-04.20.56:602][904]Cmd: OBJ SAVEPACKAGE PACKAGE="/Game/Levels/MovementTest" FILE="E:/UNREAL TRIALS/MegamanRepo2/MegaClone_2/MegaClone2/Content/Levels/MovementTest.umap" SILENT=true AUTOSAVING=false KEEPDIRTY=false
[2020.06.02-04.20.56:630][904]LogUObjectHash: Compacting FUObjectHashTables data took   1.54ms
[2020.06.02-04.20.56:644][904]LogSavePackage: Moving 'E:/UNREAL TRIALS/MegamanRepo2/MegaClone_2/MegaClone2/Saved/MovementTest242ED0CD4D60FB3316DD87874006F93A.tmp' to 'E:/UNREAL TRIALS/MegamanRepo2/MegaClone_2/MegaClone2/Content/Levels/MovementTest.umap'
[2020.06.02-04.20.56:647][904]LogFileHelpers: Saving map 'MovementTest' took 0.047
[2020.06.02-04.20.56:800][904]LogUObjectHash: Compacting FUObjectHashTables data took   1.41ms
[2020.06.02-04.20.56:824][904]LogUObjectHash: Compacting FUObjectHashTables data took   0.51ms
[2020.06.02-04.20.56:854][904]LogUObjectHash: Compacting FUObjectHashTables data took   1.24ms
[2020.06.02-04.20.56:879][904]LogUObjectHash: Compacting FUObjectHashTables data took   0.54ms
[2020.06.02-04.20.56:903][904]AssetCheck: New page: Asset Save: multiple assets
[2020.06.02-04.20.56:904][904]LogContentValidation: Display: Validating MapBuildDataRegistry /Game/Levels/MovementTest_BuiltData.MovementTest_BuiltData
[2020.06.02-04.20.56:904][904]LogContentValidation: Display: Validating World /Game/Levels/MovementTest.MovementTest
[2020.06.02-04.20.58:224][ 56]LogAssetEditorSubsystem: Opening Asset editor for World /Game/Levels/MovementTest.MovementTest
[2020.06.02-04.20.58:246][ 56]LogUObjectHash: Compacting FUObjectHashTables data took   0.55ms
[2020.06.02-04.20.59:605][ 56]LogSlate: Window 'Save Content' being destroyed
[2020.06.02-04.20.59:610][ 56]Cmd: MAP LOAD FILE="E:/UNREAL TRIALS/MegamanRepo2/MegaClone_2/MegaClone2/Content/Levels/MovementTest.umap" TEMPLATE=0 SHOWPROGRESS=1 FEATURELEVEL=3
[2020.06.02-04.20.59:612][ 56]LightingResults: New page: Lighting Build
[2020.06.02-04.20.59:613][ 56]LoadErrors: New page: Loading map: MovementTest.umap
[2020.06.02-04.20.59:613][ 56]LogWorld: UWorld::CleanupWorld for Untitled_1, bSessionEnded=true, bCleanupResources=true
[2020.06.02-04.20.59:613][ 56]LogSlate: InvalidateAllWidgets triggered.  All widgets were invalidated
[2020.06.02-04.20.59:613][ 56]MapCheck: New page: Map Check
[2020.06.02-04.20.59:613][ 56]LightingResults: New page: Lighting Build
[2020.06.02-04.20.59:645][ 56]LogUObjectHash: Compacting FUObjectHashTables data took   1.60ms
[2020.06.02-04.20.59:713][ 56]LogEditorServer: Finished looking for orphan Actors (0.000 secs)
[2020.06.02-04.20.59:739][ 56]LogUObjectHash: Compacting FUObjectHashTables data took   1.21ms
[2020.06.02-04.20.59:758][ 56]Cmd: MAP CHECKDEP NOCLEARLOG
[2020.06.02-04.20.59:758][ 56]MapCheck: Map check complete: 0 Error(s), 0 Warning(s), took 0.07ms to complete.
[2020.06.02-04.20.59:758][ 56]LogFileHelpers: Loading map 'MovementTest' took 0.149
[2020.06.02-04.21.01:383][241]LogTemp: Repeating last play command: Selected Viewport
[2020.06.02-04.21.01:393][241]LogPlayLevel: PlayLevel: No blueprints needed recompiling
[2020.06.02-04.21.01:393][241]PIE: New page: PIE session: MovementTest (Jun 1, 2020, 2:21:01 PM)
[2020.06.02-04.21.01:393][241]LogPlayLevel: Creating play world package: /Game/Levels/UEDPIE_0_MovementTest
[2020.06.02-04.21.01:395][241]LogPlayLevel: PIE: StaticDuplicateObject took: (0.002002s)
[2020.06.02-04.21.01:396][241]LogAIModule: Creating AISystem for world MovementTest
[2020.06.02-04.21.01:396][241]LogPlayLevel: PIE: World Init took: (0.001076s)
[2020.06.02-04.21.01:396][241]LogPlayLevel: PIE: Created PIE world by copying editor world from /Game/Levels/MovementTest.MovementTest to /Game/Levels/UEDPIE_0_MovementTest.MovementTest (0.003280s)
[2020.06.02-04.21.01:420][241]LogUObjectHash: Compacting FUObjectHashTables data took   1.05ms
[2020.06.02-04.21.01:420][241]LogAudioMixer: Display: Audio Mixer Platform Settings:
[2020.06.02-04.21.01:420][241]LogAudioMixer: Display: 	Sample Rate:						  48000
[2020.06.02-04.21.01:420][241]LogAudioMixer: Display: 	Callback Buffer Frame Size Requested: 1024
[2020.06.02-04.21.01:420][241]LogAudioMixer: Display: 	Callback Buffer Frame Size To Use:	  1024
[2020.06.02-04.21.01:420][241]LogAudioMixer: Display: 	Number of buffers to queue:			  2
[2020.06.02-04.21.01:420][241]LogAudioMixer: Display: 	Max Channels (voices):				  32
[2020.06.02-04.21.01:420][241]LogAudioMixer: Display: 	Number of Async Source Workers:		  0
[2020.06.02-04.21.01:420][241]LogAudio: Display: AudioDevice MaxSources: 32
[2020.06.02-04.21.01:420][241]LogAudio: Display: Using built-in audio occlusion.
[2020.06.02-04.21.01:421][241]LogAudioMixer: Display: Initializing audio mixer.
[2020.06.02-04.21.01:485][241]LogAudioMixer: Display: Audio Device Output Speaker Info:
[2020.06.02-04.21.01:485][241]LogAudioMixer: Display: Name: Headset Earphone (2- ASTRO Wireless Transmitter )
[2020.06.02-04.21.01:485][241]LogAudioMixer: Display: Is Default: Yes
[2020.06.02-04.21.01:485][241]LogAudioMixer: Display: Sample Rate: 48000
[2020.06.02-04.21.01:485][241]LogAudioMixer: Display: Channel Count Used: 2
[2020.06.02-04.21.01:485][241]LogAudioMixer: Display: Device Channel Count: 2
[2020.06.02-04.21.01:485][241]LogAudioMixer: Display: Channel Order:
[2020.06.02-04.21.01:485][241]LogAudioMixer: Display: 0: FrontLeft
[2020.06.02-04.21.01:485][241]LogAudioMixer: Display: 1: FrontRight
[2020.06.02-04.21.01:498][241]LogAudioMixer: Display: Using Audio Device Headset Earphone (2- ASTRO Wireless Transmitter )
[2020.06.02-04.21.01:499][241]LogInit: FAudioDevice initialized.
[2020.06.02-04.21.01:506][241]LogLoad: Game class is 'BP_GameMode_C'
[2020.06.02-04.21.01:507][241]LogWorld: Bringing World /Game/Levels/UEDPIE_0_MovementTest.MovementTest up for play (max tick rate 0) at 2020.06.01-21.21.01
[2020.06.02-04.21.01:507][241]LogWorld: Bringing up level for play took: 0.000466
[2020.06.02-04.21.01:507][241]LogOnline: OSS: Creating online subsystem instance for: :Context_7
[2020.06.02-04.21.01:509][241]PIE: Play in editor start time for /Game/Levels/UEDPIE_0_MovementTest -0.124
[2020.06.02-04.21.04:728][621]LogAudioMixer: Display: No commands were queued while flushing the source manager.
[2020.06.02-04.21.04:728][621]LogAudioMixer: Display: No commands were queued while flushing the source manager.
[2020.06.02-04.21.04:728][621]LogSlate: Updating window title bar state: overlay mode, drag disabled, window buttons hidden, title bar hidden
[2020.06.02-04.21.04:728][621]LogWorld: BeginTearingDown for /Game/Levels/UEDPIE_0_MovementTest
[2020.06.02-04.21.04:728][621]LogAudioMixer: Display: No commands were queued while flushing the source manager.
[2020.06.02-04.21.04:728][621]LogWorld: UWorld::CleanupWorld for MovementTest, bSessionEnded=true, bCleanupResources=true
[2020.06.02-04.21.04:729][621]LogSlate: InvalidateAllWidgets triggered.  All widgets were invalidated
[2020.06.02-04.21.04:737][621]LogPlayLevel: Display: Shutting down PIE online subsystems
[2020.06.02-04.21.04:739][621]LogSlate: InvalidateAllWidgets triggered.  All widgets were invalidated
[2020.06.02-04.21.04:762][621]LogAudioMixer: Display: No commands were queued while flushing the source manager.
[2020.06.02-04.21.04:765][621]LogSlate: Updating window title bar state: overlay mode, drag disabled, window buttons hidden, title bar hidden
[2020.06.02-04.21.04:767][621]LogUObjectHash: Compacting FUObjectHashTables data took   1.44ms
[2020.06.02-04.21.04:827][625]LogPlayLevel: Display: Destroying online subsystem :Context_7
[2020.06.02-04.24.33:248][582]LogUObjectHash: Compacting FUObjectHashTables data took   1.26ms
[2020.06.02-04.24.33:267][582]Cmd: OBJ SAVEPACKAGE PACKAGE="/Game/Blueprints/BP_GameMode" FILE="E:/UNREAL TRIALS/MegamanRepo2/MegaClone_2/MegaClone2/Content/Blueprints/BP_GameMode.uasset" SILENT=true
[2020.06.02-04.24.33:276][582]LogSavePackage: Moving 'E:/UNREAL TRIALS/MegamanRepo2/MegaClone_2/MegaClone2/Saved/BP_GameModeA2D75BEC4557F32A04C4C182FDBC0928.tmp' to 'E:/UNREAL TRIALS/MegamanRepo2/MegaClone_2/MegaClone2/Content/Blueprints/BP_GameMode.uasset'
[2020.06.02-04.24.33:277][582]Cmd: OBJ SAVEPACKAGE PACKAGE="/Game/Blueprints/BP_PlayerController" FILE="E:/UNREAL TRIALS/MegamanRepo2/MegaClone_2/MegaClone2/Content/Blueprints/BP_PlayerController.uasset" SILENT=true
[2020.06.02-04.24.33:284][582]LogSavePackage: Moving 'E:/UNREAL TRIALS/MegamanRepo2/MegaClone_2/MegaClone2/Saved/BP_PlayerController2AD57E794D2C3C47D9FEC6B28EA0F0BF.tmp' to 'E:/UNREAL TRIALS/MegamanRepo2/MegaClone_2/MegaClone2/Content/Blueprints/BP_PlayerController.uasset'
[2020.06.02-04.24.33:301][582]AssetCheck: New page: Asset Save: multiple assets
[2020.06.02-04.24.33:302][582]LogContentValidation: Display: Validating Blueprint /Game/Blueprints/BP_GameMode.BP_GameMode
[2020.06.02-04.24.33:302][582]LogContentValidation: Display: Validating Blueprint /Game/Blueprints/BP_PlayerController.BP_PlayerController
